;  LST file generated by mikroListExporter - v.2.0 
; Date/Time: 6/8/2016 11:08:57 AM
;----------------------------------------------

;Address Opcode 	ASM
0x0000	0xC193    	RJMP       _main
0x0002	0xCFFE    	RJMP       0
0x0004	0xCFFD    	RJMP       0
0x0006	0xC178    	RJMP       _Button_Interrupt
0x0008	0xCFFB    	RJMP       0
0x000A	0xCFFA    	RJMP       0
0x000C	0xCFF9    	RJMP       0
0x000E	0xCFF8    	RJMP       0
0x0010	0xCFF7    	RJMP       0
0x0012	0xCFF6    	RJMP       0
0x0014	0xCFF5    	RJMP       0
0x0016	0xCFF4    	RJMP       0
0x0018	0xCFF3    	RJMP       0
0x001A	0xCFF2    	RJMP       0
0x001C	0xCFF1    	RJMP       0
0x001E	0xCFF0    	RJMP       0
0x0020	0xCFEF    	RJMP       0
_main:
0x0328	0xE5BF    	LDI        R27, 95
0x032A	0xBFBD    	OUT        SPL+0, R27
0x032C	0xE0B1    	LDI        R27, 1
0x032E	0xBFBE    	OUT        SPL+1, R27
;DinoRadar.mbas,47 :: 		main:
;DinoRadar.mbas,48 :: 		SREG_I_bit = 1
0x0330	0xB7BF    	IN         R27, SREG_I_bit+0
0x0332	0x68B0    	SBR        R27, 128
0x0334	0xBFBF    	OUT        SREG_I_bit+0, R27
;DinoRadar.mbas,49 :: 		PCIE1_bit = 1
0x0336	0xB7BB    	IN         R27, PCIE1_bit+0
0x0338	0x62B0    	SBR        R27, 32
0x033A	0xBFBB    	OUT        PCIE1_bit+0, R27
;DinoRadar.mbas,50 :: 		PCINT8_bit = 1
0x033C	0xB5B0    	IN         R27, PCINT8_bit+0
0x033E	0x60B1    	SBR        R27, 1
0x0340	0xBDB0    	OUT        PCINT8_bit+0, R27
;DinoRadar.mbas,51 :: 		PCINT9_bit = 1
0x0342	0xB5B0    	IN         R27, PCINT9_bit+0
0x0344	0x60B2    	SBR        R27, 2
0x0346	0xBDB0    	OUT        PCINT9_bit+0, R27
;DinoRadar.mbas,52 :: 		PCINT10_bit = 1
0x0348	0xB5B0    	IN         R27, PCINT10_bit+0
0x034A	0x60B4    	SBR        R27, 4
0x034C	0xBDB0    	OUT        PCINT10_bit+0, R27
;DinoRadar.mbas,54 :: 		DDB0_bit = 0
0x034E	0xB3B7    	IN         R27, DDB0_bit+0
0x0350	0x7FBE    	CBR        R27, 1
0x0352	0xBBB7    	OUT        DDB0_bit+0, R27
;DinoRadar.mbas,55 :: 		DDB1_bit = 0
0x0354	0xB3B7    	IN         R27, DDB1_bit+0
0x0356	0x7FBD    	CBR        R27, 2
0x0358	0xBBB7    	OUT        DDB1_bit+0, R27
;DinoRadar.mbas,56 :: 		DDB2_bit = 0
0x035A	0xB3B7    	IN         R27, DDB2_bit+0
0x035C	0x7FBB    	CBR        R27, 4
0x035E	0xBBB7    	OUT        DDB2_bit+0, R27
;DinoRadar.mbas,57 :: 		DDRA = 0xFF
0x0360	0xEFBF    	LDI        R27, 255
0x0362	0xBBBA    	OUT        DDRA+0, R27
;DinoRadar.mbas,59 :: 		selection = 0
0x0364	0xE0B0    	LDI        R27, 0
0x0366	0x006C93B0  	STS        _selection+0, R27
;DinoRadar.mbas,60 :: 		allon = 0
0x036A	0x006091B0  	LDS        R27, _allon+0
0x036E	0x7FBB    	CBR        R27, 4
0x0370	0x006093B0  	STS        _allon+0, R27
;DinoRadar.mbas,61 :: 		maxsel = 9
0x0374	0xE0B9    	LDI        R27, 9
0x0376	0x006193B0  	STS        _maxsel+0, R27
;DinoRadar.mbas,63 :: 		oldstate1 = 0
0x037A	0x006091B0  	LDS        R27, _oldstate1+0
0x037E	0x7FB7    	CBR        R27, 8
0x0380	0x006093B0  	STS        _oldstate1+0, R27
;DinoRadar.mbas,64 :: 		oldstate2 = 0
0x0384	0x006091B0  	LDS        R27, _oldstate2+0
0x0388	0x7FBD    	CBR        R27, 2
0x038A	0x006093B0  	STS        _oldstate2+0, R27
;DinoRadar.mbas,65 :: 		oldstate3 = 0
0x038E	0x006091B0  	LDS        R27, _oldstate3+0
0x0392	0x7FBE    	CBR        R27, 1
0x0394	0x006093B0  	STS        _oldstate3+0, R27
;DinoRadar.mbas,67 :: 		while (true)
L__main22:
;DinoRadar.mbas,68 :: 		ButtonCheck
0x0398	0xDED4    	RCALL      _ButtonCheck+0
;DinoRadar.mbas,70 :: 		if (selection > maxsel) then
0x039A	0x006C9110  	LDS        R17, _selection+0
0x039E	0x00619100  	LDS        R16, _maxsel+0
0x03A2	0x1701    	CP         R16, R17
0x03A4	0xF418    	BRSH       L__main27
L__main239:
;DinoRadar.mbas,71 :: 		selection = 0
0x03A6	0xE0B0    	LDI        R27, 0
0x03A8	0x006C93B0  	STS        _selection+0, R27
L__main27:
;DinoRadar.mbas,74 :: 		if (allon = 1) then
0x03AC	0x006091B0  	LDS        R27, _allon+0
0x03B0	0xFFB2    	SBRS       R27, 2
0x03B2	0xC02D    	RJMP       L__main30
;DinoRadar.mbas,75 :: 		for led = 0 to 7
0x03B4	0xE0B0    	LDI        R27, 0
0x03B6	0x006293B0  	STS        _led+0, R27
L__main33:
;DinoRadar.mbas,76 :: 		PORTA.led = 1
0x03BA	0x006291B0  	LDS        R27, _led+0
0x03BE	0xE011    	LDI        R17, 1
0x03C0	0x23BB    	TST        R27
0x03C2	0xF019    	BREQ       L__main241
L__main240:
0x03C4	0x0F11    	LSL        R17
0x03C6	0x95BA    	DEC        R27
0x03C8	0xF7E9    	BRNE       L__main240
L__main241:
0x03CA	0xB30B    	IN         R16, PORTA+0
0x03CC	0x2B01    	OR         R16, R17
0x03CE	0xBB0B    	OUT        PORTA+0, R16
;DinoRadar.mbas,77 :: 		delay_ms(2)
0x03D0	0xE013    	LDI        R17, 3
0x03D2	0xE908    	LDI        R16, 152
L__main39:
0x03D4	0x950A    	DEC        R16
0x03D6	0xF7F1    	BRNE       L__main39
0x03D8	0x951A    	DEC        R17
0x03DA	0xF7E1    	BRNE       L__main39
0x03DC	0x0000    	NOP
;DinoRadar.mbas,78 :: 		PORTA.led = 0
0x03DE	0x006291B0  	LDS        R27, _led+0
0x03E2	0xE001    	LDI        R16, 1
0x03E4	0x23BB    	TST        R27
0x03E6	0xF019    	BREQ       L__main243
L__main242:
0x03E8	0x0F00    	LSL        R16
0x03EA	0x95BA    	DEC        R27
0x03EC	0xF7E9    	BRNE       L__main242
L__main243:
0x03EE	0x2F10    	MOV        R17, R16
0x03F0	0x9510    	COM        R17
0x03F2	0xB30B    	IN         R16, PORTA+0
0x03F4	0x2301    	AND        R16, R17
0x03F6	0xBB0B    	OUT        PORTA+0, R16
;DinoRadar.mbas,79 :: 		next led
0x03F8	0x00629100  	LDS        R16, _led+0
0x03FC	0x3007    	CPI        R16, 7
0x03FE	0xF031    	BREQ       L__main36
L__main244:
0x0400	0x00629100  	LDS        R16, _led+0
0x0404	0x5F0F    	SUBI       R16, 255
0x0406	0x00629300  	STS        _led+0, R16
0x040A	0xCFD7    	RJMP       L__main33
L__main36:
;DinoRadar.mbas,80 :: 		continue
0x040C	0xCFC5    	RJMP       L__main22
L__main30:
;DinoRadar.mbas,83 :: 		inc(counter)
0x040E	0x00639100  	LDS        R16, _counter+0
0x0412	0x00649110  	LDS        R17, _counter+1
0x0416	0x00659120  	LDS        R18, _counter+2
0x041A	0x00669130  	LDS        R19, _counter+3
0x041E	0x5F0F    	SUBI       R16, 255
0x0420	0x4F1F    	SBCI       R17, 255
0x0422	0x4F2F    	SBCI       R18, 255
0x0424	0x4F3F    	SBCI       R19, 255
0x0426	0x00639300  	STS        _counter+0, R16
0x042A	0x00649310  	STS        _counter+1, R17
0x042E	0x00659320  	STS        _counter+2, R18
0x0432	0x00669330  	STS        _counter+3, R19
;DinoRadar.mbas,85 :: 		case 0
0x0436	0x006C9100  	LDS        R16, _selection+0
0x043A	0x3000    	CPI        R16, 0
0x043C	0xF009    	BREQ       L__main245
0x043E	0xC041    	RJMP       L__main46
L__main245:
;DinoRadar.mbas,86 :: 		for led = 0 to 7
0x0440	0xE0B0    	LDI        R27, 0
0x0442	0x006293B0  	STS        _led+0, R27
L__main48:
;DinoRadar.mbas,87 :: 		PORTA.led = 1
0x0446	0x006291B0  	LDS        R27, _led+0
0x044A	0xE011    	LDI        R17, 1
0x044C	0x23BB    	TST        R27
0x044E	0xF019    	BREQ       L__main247
L__main246:
0x0450	0x0F11    	LSL        R17
0x0452	0x95BA    	DEC        R27
0x0454	0xF7E9    	BRNE       L__main246
L__main247:
0x0456	0xB30B    	IN         R16, PORTA+0
0x0458	0x2B01    	OR         R16, R17
0x045A	0xBB0B    	OUT        PORTA+0, R16
;DinoRadar.mbas,88 :: 		delay_ms(75)
0x045C	0xE612    	LDI        R17, 98
0x045E	0xE606    	LDI        R16, 102
L__main54:
0x0460	0x950A    	DEC        R16
0x0462	0xF7F1    	BRNE       L__main54
0x0464	0x951A    	DEC        R17
0x0466	0xF7E1    	BRNE       L__main54
0x0468	0x0000    	NOP
;DinoRadar.mbas,89 :: 		PORTA.led = 0
0x046A	0x006291B0  	LDS        R27, _led+0
0x046E	0xE001    	LDI        R16, 1
0x0470	0x23BB    	TST        R27
0x0472	0xF019    	BREQ       L__main249
L__main248:
0x0474	0x0F00    	LSL        R16
0x0476	0x95BA    	DEC        R27
0x0478	0xF7E9    	BRNE       L__main248
L__main249:
0x047A	0x2F10    	MOV        R17, R16
0x047C	0x9510    	COM        R17
0x047E	0xB30B    	IN         R16, PORTA+0
0x0480	0x2301    	AND        R16, R17
0x0482	0xBB0B    	OUT        PORTA+0, R16
;DinoRadar.mbas,90 :: 		counter = counter + 3
0x0484	0x00639100  	LDS        R16, _counter+0
0x0488	0x00649110  	LDS        R17, _counter+1
0x048C	0x00659120  	LDS        R18, _counter+2
0x0490	0x00669130  	LDS        R19, _counter+3
0x0494	0x5F0D    	SUBI       R16, 253
0x0496	0x4F1F    	SBCI       R17, 255
0x0498	0x4F2F    	SBCI       R18, 255
0x049A	0x4F3F    	SBCI       R19, 255
0x049C	0x00639300  	STS        _counter+0, R16
0x04A0	0x00649310  	STS        _counter+1, R17
0x04A4	0x00659320  	STS        _counter+2, R18
0x04A8	0x00669330  	STS        _counter+3, R19
;DinoRadar.mbas,91 :: 		next led
0x04AC	0x00629100  	LDS        R16, _led+0
0x04B0	0x3007    	CPI        R16, 7
0x04B2	0xF031    	BREQ       L__main51
L__main250:
0x04B4	0x00629100  	LDS        R16, _led+0
0x04B8	0x5F0F    	SUBI       R16, 255
0x04BA	0x00629300  	STS        _led+0, R16
0x04BE	0xCFC3    	RJMP       L__main48
L__main51:
0x04C0	0xC315    	RJMP       L__main43
L__main46:
;DinoRadar.mbas,92 :: 		case 1
0x04C2	0x006C9100  	LDS        R16, _selection+0
0x04C6	0x3001    	CPI        R16, 1
0x04C8	0xF009    	BREQ       L__main251
0x04CA	0xC041    	RJMP       L__main60
L__main251:
;DinoRadar.mbas,93 :: 		for led = 7 to 0 step -1
0x04CC	0xE0B7    	LDI        R27, 7
0x04CE	0x006293B0  	STS        _led+0, R27
L__main62:
;DinoRadar.mbas,94 :: 		PORTA.led = 1
0x04D2	0x006291B0  	LDS        R27, _led+0
0x04D6	0xE011    	LDI        R17, 1
0x04D8	0x23BB    	TST        R27
0x04DA	0xF019    	BREQ       L__main253
L__main252:
0x04DC	0x0F11    	LSL        R17
0x04DE	0x95BA    	DEC        R27
0x04E0	0xF7E9    	BRNE       L__main252
L__main253:
0x04E2	0xB30B    	IN         R16, PORTA+0
0x04E4	0x2B01    	OR         R16, R17
0x04E6	0xBB0B    	OUT        PORTA+0, R16
;DinoRadar.mbas,95 :: 		delay_ms(75)
0x04E8	0xE612    	LDI        R17, 98
0x04EA	0xE606    	LDI        R16, 102
L__main68:
0x04EC	0x950A    	DEC        R16
0x04EE	0xF7F1    	BRNE       L__main68
0x04F0	0x951A    	DEC        R17
0x04F2	0xF7E1    	BRNE       L__main68
0x04F4	0x0000    	NOP
;DinoRadar.mbas,96 :: 		PORTA.led = 0
0x04F6	0x006291B0  	LDS        R27, _led+0
0x04FA	0xE001    	LDI        R16, 1
0x04FC	0x23BB    	TST        R27
0x04FE	0xF019    	BREQ       L__main255
L__main254:
0x0500	0x0F00    	LSL        R16
0x0502	0x95BA    	DEC        R27
0x0504	0xF7E9    	BRNE       L__main254
L__main255:
0x0506	0x2F10    	MOV        R17, R16
0x0508	0x9510    	COM        R17
0x050A	0xB30B    	IN         R16, PORTA+0
0x050C	0x2301    	AND        R16, R17
0x050E	0xBB0B    	OUT        PORTA+0, R16
;DinoRadar.mbas,97 :: 		counter = counter + 3
0x0510	0x00639100  	LDS        R16, _counter+0
0x0514	0x00649110  	LDS        R17, _counter+1
0x0518	0x00659120  	LDS        R18, _counter+2
0x051C	0x00669130  	LDS        R19, _counter+3
0x0520	0x5F0D    	SUBI       R16, 253
0x0522	0x4F1F    	SBCI       R17, 255
0x0524	0x4F2F    	SBCI       R18, 255
0x0526	0x4F3F    	SBCI       R19, 255
0x0528	0x00639300  	STS        _counter+0, R16
0x052C	0x00649310  	STS        _counter+1, R17
0x0530	0x00659320  	STS        _counter+2, R18
0x0534	0x00669330  	STS        _counter+3, R19
;DinoRadar.mbas,98 :: 		next led
0x0538	0x00629100  	LDS        R16, _led+0
0x053C	0x3000    	CPI        R16, 0
0x053E	0xF031    	BREQ       L__main65
L__main256:
0x0540	0x00629100  	LDS        R16, _led+0
0x0544	0x5001    	SUBI       R16, 1
0x0546	0x00629300  	STS        _led+0, R16
0x054A	0xCFC3    	RJMP       L__main62
L__main65:
0x054C	0xC2CF    	RJMP       L__main43
L__main60:
;DinoRadar.mbas,99 :: 		case 2
0x054E	0x006C9100  	LDS        R16, _selection+0
0x0552	0x3002    	CPI        R16, 2
0x0554	0xF009    	BREQ       L__main257
0x0556	0xC077    	RJMP       L__main74
L__main257:
;DinoRadar.mbas,100 :: 		for led = 0 to 7 step 2
0x0558	0xE0B0    	LDI        R27, 0
0x055A	0x006293B0  	STS        _led+0, R27
L__main75:
0x055E	0x00629110  	LDS        R17, _led+0
0x0562	0xE007    	LDI        R16, 7
0x0564	0x1701    	CP         R16, R17
0x0566	0xF148    	BRLO       L__main79
L__main258:
;DinoRadar.mbas,101 :: 		PORTA.(led) = 1
0x0568	0x006291B0  	LDS        R27, _led+0
0x056C	0xE011    	LDI        R17, 1
0x056E	0x23BB    	TST        R27
0x0570	0xF019    	BREQ       L__main260
L__main259:
0x0572	0x0F11    	LSL        R17
0x0574	0x95BA    	DEC        R27
0x0576	0xF7E9    	BRNE       L__main259
L__main260:
0x0578	0xB30B    	IN         R16, PORTA+0
0x057A	0x2B01    	OR         R16, R17
0x057C	0xBB0B    	OUT        PORTA+0, R16
;DinoRadar.mbas,102 :: 		delay_ms(100)
0x057E	0xE812    	LDI        R17, 130
0x0580	0xED0E    	LDI        R16, 222
L__main82:
0x0582	0x950A    	DEC        R16
0x0584	0xF7F1    	BRNE       L__main82
0x0586	0x951A    	DEC        R17
0x0588	0xF7E1    	BRNE       L__main82
0x058A	0x0000    	NOP
;DinoRadar.mbas,103 :: 		PORTA.(led) = 0
0x058C	0x006291B0  	LDS        R27, _led+0
0x0590	0xE001    	LDI        R16, 1
0x0592	0x23BB    	TST        R27
0x0594	0xF019    	BREQ       L__main262
L__main261:
0x0596	0x0F00    	LSL        R16
0x0598	0x95BA    	DEC        R27
0x059A	0xF7E9    	BRNE       L__main261
L__main262:
0x059C	0x2F10    	MOV        R17, R16
0x059E	0x9510    	COM        R17
0x05A0	0xB30B    	IN         R16, PORTA+0
0x05A2	0x2301    	AND        R16, R17
0x05A4	0xBB0B    	OUT        PORTA+0, R16
;DinoRadar.mbas,104 :: 		next led
0x05A6	0x00629100  	LDS        R16, _led+0
0x05AA	0x3007    	CPI        R16, 7
0x05AC	0xF031    	BREQ       L__main79
L__main263:
0x05AE	0x00629100  	LDS        R16, _led+0
0x05B2	0x5F0E    	SUBI       R16, 254
0x05B4	0x00629300  	STS        _led+0, R16
0x05B8	0xCFD2    	RJMP       L__main75
L__main79:
;DinoRadar.mbas,105 :: 		counter = counter + 20
0x05BA	0x00639100  	LDS        R16, _counter+0
0x05BE	0x00649110  	LDS        R17, _counter+1
0x05C2	0x00659120  	LDS        R18, _counter+2
0x05C6	0x00669130  	LDS        R19, _counter+3
0x05CA	0x5E0C    	SUBI       R16, 236
0x05CC	0x4F1F    	SBCI       R17, 255
0x05CE	0x4F2F    	SBCI       R18, 255
0x05D0	0x4F3F    	SBCI       R19, 255
0x05D2	0x00639300  	STS        _counter+0, R16
0x05D6	0x00649310  	STS        _counter+1, R17
0x05DA	0x00659320  	STS        _counter+2, R18
0x05DE	0x00669330  	STS        _counter+3, R19
;DinoRadar.mbas,106 :: 		for led = 1 to 7 step 2
0x05E2	0xE0B1    	LDI        R27, 1
0x05E4	0x006293B0  	STS        _led+0, R27
L__main86:
0x05E8	0x00629110  	LDS        R17, _led+0
0x05EC	0xE007    	LDI        R16, 7
0x05EE	0x1701    	CP         R16, R17
0x05F0	0xF148    	BRLO       L__main90
L__main264:
;DinoRadar.mbas,107 :: 		PORTA.(led) = 1
0x05F2	0x006291B0  	LDS        R27, _led+0
0x05F6	0xE011    	LDI        R17, 1
0x05F8	0x23BB    	TST        R27
0x05FA	0xF019    	BREQ       L__main266
L__main265:
0x05FC	0x0F11    	LSL        R17
0x05FE	0x95BA    	DEC        R27
0x0600	0xF7E9    	BRNE       L__main265
L__main266:
0x0602	0xB30B    	IN         R16, PORTA+0
0x0604	0x2B01    	OR         R16, R17
0x0606	0xBB0B    	OUT        PORTA+0, R16
;DinoRadar.mbas,108 :: 		delay_ms(100)
0x0608	0xE812    	LDI        R17, 130
0x060A	0xED0E    	LDI        R16, 222
L__main93:
0x060C	0x950A    	DEC        R16
0x060E	0xF7F1    	BRNE       L__main93
0x0610	0x951A    	DEC        R17
0x0612	0xF7E1    	BRNE       L__main93
0x0614	0x0000    	NOP
;DinoRadar.mbas,109 :: 		PORTA.(led) = 0
0x0616	0x006291B0  	LDS        R27, _led+0
0x061A	0xE001    	LDI        R16, 1
0x061C	0x23BB    	TST        R27
0x061E	0xF019    	BREQ       L__main268
L__main267:
0x0620	0x0F00    	LSL        R16
0x0622	0x95BA    	DEC        R27
0x0624	0xF7E9    	BRNE       L__main267
L__main268:
0x0626	0x2F10    	MOV        R17, R16
0x0628	0x9510    	COM        R17
0x062A	0xB30B    	IN         R16, PORTA+0
0x062C	0x2301    	AND        R16, R17
0x062E	0xBB0B    	OUT        PORTA+0, R16
;DinoRadar.mbas,110 :: 		next led
0x0630	0x00629100  	LDS        R16, _led+0
0x0634	0x3007    	CPI        R16, 7
0x0636	0xF031    	BREQ       L__main90
L__main269:
0x0638	0x00629100  	LDS        R16, _led+0
0x063C	0x5F0E    	SUBI       R16, 254
0x063E	0x00629300  	STS        _led+0, R16
0x0642	0xCFD2    	RJMP       L__main86
L__main90:
0x0644	0xC253    	RJMP       L__main43
L__main74:
;DinoRadar.mbas,111 :: 		case 3
0x0646	0x006C9100  	LDS        R16, _selection+0
0x064A	0x3003    	CPI        R16, 3
0x064C	0xF009    	BREQ       L__main270
0x064E	0xC083    	RJMP       L__main99
L__main270:
;DinoRadar.mbas,112 :: 		for led = 0 to 7 step 2
0x0650	0xE0B0    	LDI        R27, 0
0x0652	0x006293B0  	STS        _led+0, R27
L__main100:
0x0656	0x00629110  	LDS        R17, _led+0
0x065A	0xE007    	LDI        R16, 7
0x065C	0x1701    	CP         R16, R17
0x065E	0xF178    	BRLO       L__main104
L__main271:
;DinoRadar.mbas,113 :: 		PORTA.(7-led) = 1
0x0660	0x00629000  	LDS        R0, _led+0
0x0664	0xE007    	LDI        R16, 7
0x0666	0x1900    	SUB        R16, R0
0x0668	0x2FB0    	MOV        R27, R16
0x066A	0xE011    	LDI        R17, 1
0x066C	0x23BB    	TST        R27
0x066E	0xF019    	BREQ       L__main273
L__main272:
0x0670	0x0F11    	LSL        R17
0x0672	0x95BA    	DEC        R27
0x0674	0xF7E9    	BRNE       L__main272
L__main273:
0x0676	0xB30B    	IN         R16, PORTA+0
0x0678	0x2B01    	OR         R16, R17
0x067A	0xBB0B    	OUT        PORTA+0, R16
;DinoRadar.mbas,114 :: 		delay_ms(100)
0x067C	0xE812    	LDI        R17, 130
0x067E	0xED0E    	LDI        R16, 222
L__main107:
0x0680	0x950A    	DEC        R16
0x0682	0xF7F1    	BRNE       L__main107
0x0684	0x951A    	DEC        R17
0x0686	0xF7E1    	BRNE       L__main107
0x0688	0x0000    	NOP
;DinoRadar.mbas,115 :: 		PORTA.(7-led) = 0
0x068A	0x00629000  	LDS        R0, _led+0
0x068E	0xE007    	LDI        R16, 7
0x0690	0x1900    	SUB        R16, R0
0x0692	0x2FB0    	MOV        R27, R16
0x0694	0xE001    	LDI        R16, 1
0x0696	0x23BB    	TST        R27
0x0698	0xF019    	BREQ       L__main275
L__main274:
0x069A	0x0F00    	LSL        R16
0x069C	0x95BA    	DEC        R27
0x069E	0xF7E9    	BRNE       L__main274
L__main275:
0x06A0	0x2F10    	MOV        R17, R16
0x06A2	0x9510    	COM        R17
0x06A4	0xB30B    	IN         R16, PORTA+0
0x06A6	0x2301    	AND        R16, R17
0x06A8	0xBB0B    	OUT        PORTA+0, R16
;DinoRadar.mbas,116 :: 		next led
0x06AA	0x00629100  	LDS        R16, _led+0
0x06AE	0x3007    	CPI        R16, 7
0x06B0	0xF031    	BREQ       L__main104
L__main276:
0x06B2	0x00629100  	LDS        R16, _led+0
0x06B6	0x5F0E    	SUBI       R16, 254
0x06B8	0x00629300  	STS        _led+0, R16
0x06BC	0xCFCC    	RJMP       L__main100
L__main104:
;DinoRadar.mbas,117 :: 		counter = counter + 20
0x06BE	0x00639100  	LDS        R16, _counter+0
0x06C2	0x00649110  	LDS        R17, _counter+1
0x06C6	0x00659120  	LDS        R18, _counter+2
0x06CA	0x00669130  	LDS        R19, _counter+3
0x06CE	0x5E0C    	SUBI       R16, 236
0x06D0	0x4F1F    	SBCI       R17, 255
0x06D2	0x4F2F    	SBCI       R18, 255
0x06D4	0x4F3F    	SBCI       R19, 255
0x06D6	0x00639300  	STS        _counter+0, R16
0x06DA	0x00649310  	STS        _counter+1, R17
0x06DE	0x00659320  	STS        _counter+2, R18
0x06E2	0x00669330  	STS        _counter+3, R19
;DinoRadar.mbas,118 :: 		for led = 1 to 7 step 2
0x06E6	0xE0B1    	LDI        R27, 1
0x06E8	0x006293B0  	STS        _led+0, R27
L__main111:
0x06EC	0x00629110  	LDS        R17, _led+0
0x06F0	0xE007    	LDI        R16, 7
0x06F2	0x1701    	CP         R16, R17
0x06F4	0xF178    	BRLO       L__main115
L__main277:
;DinoRadar.mbas,119 :: 		PORTA.(7-led) = 1
0x06F6	0x00629000  	LDS        R0, _led+0
0x06FA	0xE007    	LDI        R16, 7
0x06FC	0x1900    	SUB        R16, R0
0x06FE	0x2FB0    	MOV        R27, R16
0x0700	0xE011    	LDI        R17, 1
0x0702	0x23BB    	TST        R27
0x0704	0xF019    	BREQ       L__main279
L__main278:
0x0706	0x0F11    	LSL        R17
0x0708	0x95BA    	DEC        R27
0x070A	0xF7E9    	BRNE       L__main278
L__main279:
0x070C	0xB30B    	IN         R16, PORTA+0
0x070E	0x2B01    	OR         R16, R17
0x0710	0xBB0B    	OUT        PORTA+0, R16
;DinoRadar.mbas,120 :: 		delay_ms(100)
0x0712	0xE812    	LDI        R17, 130
0x0714	0xED0E    	LDI        R16, 222
L__main118:
0x0716	0x950A    	DEC        R16
0x0718	0xF7F1    	BRNE       L__main118
0x071A	0x951A    	DEC        R17
0x071C	0xF7E1    	BRNE       L__main118
0x071E	0x0000    	NOP
;DinoRadar.mbas,121 :: 		PORTA.(7-led) = 0
0x0720	0x00629000  	LDS        R0, _led+0
0x0724	0xE007    	LDI        R16, 7
0x0726	0x1900    	SUB        R16, R0
0x0728	0x2FB0    	MOV        R27, R16
0x072A	0xE001    	LDI        R16, 1
0x072C	0x23BB    	TST        R27
0x072E	0xF019    	BREQ       L__main281
L__main280:
0x0730	0x0F00    	LSL        R16
0x0732	0x95BA    	DEC        R27
0x0734	0xF7E9    	BRNE       L__main280
L__main281:
0x0736	0x2F10    	MOV        R17, R16
0x0738	0x9510    	COM        R17
0x073A	0xB30B    	IN         R16, PORTA+0
0x073C	0x2301    	AND        R16, R17
0x073E	0xBB0B    	OUT        PORTA+0, R16
;DinoRadar.mbas,122 :: 		next led
0x0740	0x00629100  	LDS        R16, _led+0
0x0744	0x3007    	CPI        R16, 7
0x0746	0xF031    	BREQ       L__main115
L__main282:
0x0748	0x00629100  	LDS        R16, _led+0
0x074C	0x5F0E    	SUBI       R16, 254
0x074E	0x00629300  	STS        _led+0, R16
0x0752	0xCFCC    	RJMP       L__main111
L__main115:
0x0754	0xC1CB    	RJMP       L__main43
L__main99:
;DinoRadar.mbas,123 :: 		case 4, 6
0x0756	0x006C9100  	LDS        R16, _selection+0
0x075A	0x3004    	CPI        R16, 4
0x075C	0xF409    	BRNE       L__main124
L__main283:
0x075E	0xC005    	RJMP       L__main122
L__main124:
0x0760	0x006C9100  	LDS        R16, _selection+0
0x0764	0x3006    	CPI        R16, 6
0x0766	0xF009    	BREQ       L__main284
0x0768	0xC083    	RJMP       L__main125
L__main284:
L__main122:
;DinoRadar.mbas,124 :: 		for led = 0 to 7
0x076A	0xE0B0    	LDI        R27, 0
0x076C	0x006293B0  	STS        _led+0, R27
L__main127:
;DinoRadar.mbas,125 :: 		PORTA.led = 1
0x0770	0x006291B0  	LDS        R27, _led+0
0x0774	0xE011    	LDI        R17, 1
0x0776	0x23BB    	TST        R27
0x0778	0xF019    	BREQ       L__main286
L__main285:
0x077A	0x0F11    	LSL        R17
0x077C	0x95BA    	DEC        R27
0x077E	0xF7E9    	BRNE       L__main285
L__main286:
0x0780	0xB30B    	IN         R16, PORTA+0
0x0782	0x2B01    	OR         R16, R17
0x0784	0xBB0B    	OUT        PORTA+0, R16
;DinoRadar.mbas,127 :: 		case 6
0x0786	0x00629100  	LDS        R16, _led+0
0x078A	0x3006    	CPI        R16, 6
0x078C	0xF421    	BRNE       L__main136
L__main287:
;DinoRadar.mbas,128 :: 		PORTA.0 = 1
0x078E	0xB3BB    	IN         R27, PORTA+0
0x0790	0x60B1    	SBR        R27, 1
0x0792	0xBBBB    	OUT        PORTA+0, R27
0x0794	0xC015    	RJMP       L__main133
L__main136:
;DinoRadar.mbas,129 :: 		case 7
0x0796	0x00629100  	LDS        R16, _led+0
0x079A	0x3007    	CPI        R16, 7
0x079C	0xF421    	BRNE       L__main139
L__main288:
;DinoRadar.mbas,130 :: 		PORTA.1 =1
0x079E	0xB3BB    	IN         R27, PORTA+0
0x07A0	0x60B2    	SBR        R27, 2
0x07A2	0xBBBB    	OUT        PORTA+0, R27
0x07A4	0xC00D    	RJMP       L__main133
L__main139:
;DinoRadar.mbas,132 :: 		PORTA.(led+2) = 1
0x07A6	0x00629100  	LDS        R16, _led+0
0x07AA	0x5F0E    	SUBI       R16, 254
0x07AC	0x2FB0    	MOV        R27, R16
0x07AE	0xE011    	LDI        R17, 1
0x07B0	0x23BB    	TST        R27
0x07B2	0xF019    	BREQ       L__main290
L__main289:
0x07B4	0x0F11    	LSL        R17
0x07B6	0x95BA    	DEC        R27
0x07B8	0xF7E9    	BRNE       L__main289
L__main290:
0x07BA	0xB30B    	IN         R16, PORTA+0
0x07BC	0x2B01    	OR         R16, R17
0x07BE	0xBB0B    	OUT        PORTA+0, R16
L__main133:
;DinoRadar.mbas,134 :: 		delay_ms(150)
0x07C0	0xEC13    	LDI        R17, 195
0x07C2	0xEC0D    	LDI        R16, 205
L__main142:
0x07C4	0x950A    	DEC        R16
0x07C6	0xF7F1    	BRNE       L__main142
0x07C8	0x951A    	DEC        R17
0x07CA	0xF7E1    	BRNE       L__main142
0x07CC	0x0000    	NOP
0x07CE	0x0000    	NOP
;DinoRadar.mbas,135 :: 		PORTA = 0
0x07D0	0xE0B0    	LDI        R27, 0
0x07D2	0xBBBB    	OUT        PORTA+0, R27
;DinoRadar.mbas,136 :: 		counter = counter + 3
0x07D4	0x00639100  	LDS        R16, _counter+0
0x07D8	0x00649110  	LDS        R17, _counter+1
0x07DC	0x00659120  	LDS        R18, _counter+2
0x07E0	0x00669130  	LDS        R19, _counter+3
0x07E4	0x5F0D    	SUBI       R16, 253
0x07E6	0x4F1F    	SBCI       R17, 255
0x07E8	0x4F2F    	SBCI       R18, 255
0x07EA	0x4F3F    	SBCI       R19, 255
0x07EC	0x00639300  	STS        _counter+0, R16
0x07F0	0x00649310  	STS        _counter+1, R17
0x07F4	0x00659320  	STS        _counter+2, R18
0x07F8	0x00669330  	STS        _counter+3, R19
;DinoRadar.mbas,137 :: 		if (selection > 5) then
0x07FC	0x006C9110  	LDS        R17, _selection+0
0x0800	0xE005    	LDI        R16, 5
0x0802	0x1701    	CP         R16, R17
0x0804	0xF4E0    	BRSH       L__main145
L__main291:
;DinoRadar.mbas,138 :: 		delay_ms(150)
0x0806	0xEC13    	LDI        R17, 195
0x0808	0xEC0D    	LDI        R16, 205
L__main147:
0x080A	0x950A    	DEC        R16
0x080C	0xF7F1    	BRNE       L__main147
0x080E	0x951A    	DEC        R17
0x0810	0xF7E1    	BRNE       L__main147
0x0812	0x0000    	NOP
0x0814	0x0000    	NOP
;DinoRadar.mbas,139 :: 		counter = counter + 2
0x0816	0x00639100  	LDS        R16, _counter+0
0x081A	0x00649110  	LDS        R17, _counter+1
0x081E	0x00659120  	LDS        R18, _counter+2
0x0822	0x00669130  	LDS        R19, _counter+3
0x0826	0x5F0E    	SUBI       R16, 254
0x0828	0x4F1F    	SBCI       R17, 255
0x082A	0x4F2F    	SBCI       R18, 255
0x082C	0x4F3F    	SBCI       R19, 255
0x082E	0x00639300  	STS        _counter+0, R16
0x0832	0x00649310  	STS        _counter+1, R17
0x0836	0x00659320  	STS        _counter+2, R18
0x083A	0x00669330  	STS        _counter+3, R19
L__main145:
;DinoRadar.mbas,141 :: 		if (selection <> 4) and (selection <> 6) then
0x083E	0x006C9100  	LDS        R16, _selection+0
0x0842	0x3004    	CPI        R16, 4
0x0844	0xE010    	LDI        R17, 0
0x0846	0xF009    	BREQ       L__main292
0x0848	0xEF1F    	LDI        R17, 255
L__main292:
0x084A	0x3006    	CPI        R16, 6
0x084C	0xE0B0    	LDI        R27, 0
0x084E	0xF009    	BREQ       L__main293
0x0850	0xEFBF    	LDI        R27, 255
L__main293:
0x0852	0x2F0B    	MOV        R16, R27
0x0854	0x2301    	AND        R16, R17
0x0856	0xF009    	BREQ       L__main150
L__main294:
;DinoRadar.mbas,142 :: 		break
0x0858	0xC00A    	RJMP       L__main130
L__main150:
;DinoRadar.mbas,144 :: 		next led
0x085A	0x00629100  	LDS        R16, _led+0
0x085E	0x3007    	CPI        R16, 7
0x0860	0xF031    	BREQ       L__main130
L__main295:
0x0862	0x00629100  	LDS        R16, _led+0
0x0866	0x5F0F    	SUBI       R16, 255
0x0868	0x00629300  	STS        _led+0, R16
0x086C	0xCF81    	RJMP       L__main127
L__main130:
0x086E	0xC13E    	RJMP       L__main43
L__main125:
;DinoRadar.mbas,145 :: 		case 5, 7
0x0870	0x006C9100  	LDS        R16, _selection+0
0x0874	0x3005    	CPI        R16, 5
0x0876	0xF409    	BRNE       L__main154
L__main296:
0x0878	0xC005    	RJMP       L__main152
L__main154:
0x087A	0x006C9100  	LDS        R16, _selection+0
0x087E	0x3007    	CPI        R16, 7
0x0880	0xF009    	BREQ       L__main297
0x0882	0xC083    	RJMP       L__main155
L__main297:
L__main152:
;DinoRadar.mbas,146 :: 		for led = 7 to 0 step -1
0x0884	0xE0B7    	LDI        R27, 7
0x0886	0x006293B0  	STS        _led+0, R27
L__main157:
;DinoRadar.mbas,147 :: 		PORTA.led = 1
0x088A	0x006291B0  	LDS        R27, _led+0
0x088E	0xE011    	LDI        R17, 1
0x0890	0x23BB    	TST        R27
0x0892	0xF019    	BREQ       L__main299
L__main298:
0x0894	0x0F11    	LSL        R17
0x0896	0x95BA    	DEC        R27
0x0898	0xF7E9    	BRNE       L__main298
L__main299:
0x089A	0xB30B    	IN         R16, PORTA+0
0x089C	0x2B01    	OR         R16, R17
0x089E	0xBB0B    	OUT        PORTA+0, R16
;DinoRadar.mbas,149 :: 		case 1
0x08A0	0x00629100  	LDS        R16, _led+0
0x08A4	0x3001    	CPI        R16, 1
0x08A6	0xF421    	BRNE       L__main166
L__main300:
;DinoRadar.mbas,150 :: 		PORTA.7 = 1
0x08A8	0xB3BB    	IN         R27, PORTA+0
0x08AA	0x68B0    	SBR        R27, 128
0x08AC	0xBBBB    	OUT        PORTA+0, R27
0x08AE	0xC015    	RJMP       L__main163
L__main166:
;DinoRadar.mbas,151 :: 		case 0
0x08B0	0x00629100  	LDS        R16, _led+0
0x08B4	0x3000    	CPI        R16, 0
0x08B6	0xF421    	BRNE       L__main169
L__main301:
;DinoRadar.mbas,152 :: 		PORTA.6 = 1
0x08B8	0xB3BB    	IN         R27, PORTA+0
0x08BA	0x64B0    	SBR        R27, 64
0x08BC	0xBBBB    	OUT        PORTA+0, R27
0x08BE	0xC00D    	RJMP       L__main163
L__main169:
;DinoRadar.mbas,154 :: 		PORTA.(led-2) = 1
0x08C0	0x00629100  	LDS        R16, _led+0
0x08C4	0x5002    	SUBI       R16, 2
0x08C6	0x2FB0    	MOV        R27, R16
0x08C8	0xE011    	LDI        R17, 1
0x08CA	0x23BB    	TST        R27
0x08CC	0xF019    	BREQ       L__main303
L__main302:
0x08CE	0x0F11    	LSL        R17
0x08D0	0x95BA    	DEC        R27
0x08D2	0xF7E9    	BRNE       L__main302
L__main303:
0x08D4	0xB30B    	IN         R16, PORTA+0
0x08D6	0x2B01    	OR         R16, R17
0x08D8	0xBB0B    	OUT        PORTA+0, R16
L__main163:
;DinoRadar.mbas,156 :: 		delay_ms(150)
0x08DA	0xEC13    	LDI        R17, 195
0x08DC	0xEC0D    	LDI        R16, 205
L__main172:
0x08DE	0x950A    	DEC        R16
0x08E0	0xF7F1    	BRNE       L__main172
0x08E2	0x951A    	DEC        R17
0x08E4	0xF7E1    	BRNE       L__main172
0x08E6	0x0000    	NOP
0x08E8	0x0000    	NOP
;DinoRadar.mbas,157 :: 		PORTA = 0
0x08EA	0xE0B0    	LDI        R27, 0
0x08EC	0xBBBB    	OUT        PORTA+0, R27
;DinoRadar.mbas,158 :: 		counter = counter + 3
0x08EE	0x00639100  	LDS        R16, _counter+0
0x08F2	0x00649110  	LDS        R17, _counter+1
0x08F6	0x00659120  	LDS        R18, _counter+2
0x08FA	0x00669130  	LDS        R19, _counter+3
0x08FE	0x5F0D    	SUBI       R16, 253
0x0900	0x4F1F    	SBCI       R17, 255
0x0902	0x4F2F    	SBCI       R18, 255
0x0904	0x4F3F    	SBCI       R19, 255
0x0906	0x00639300  	STS        _counter+0, R16
0x090A	0x00649310  	STS        _counter+1, R17
0x090E	0x00659320  	STS        _counter+2, R18
0x0912	0x00669330  	STS        _counter+3, R19
;DinoRadar.mbas,159 :: 		if (selection > 6) then
0x0916	0x006C9110  	LDS        R17, _selection+0
0x091A	0xE006    	LDI        R16, 6
0x091C	0x1701    	CP         R16, R17
0x091E	0xF4E0    	BRSH       L__main175
L__main304:
;DinoRadar.mbas,160 :: 		delay_ms(150)
0x0920	0xEC13    	LDI        R17, 195
0x0922	0xEC0D    	LDI        R16, 205
L__main177:
0x0924	0x950A    	DEC        R16
0x0926	0xF7F1    	BRNE       L__main177
0x0928	0x951A    	DEC        R17
0x092A	0xF7E1    	BRNE       L__main177
0x092C	0x0000    	NOP
0x092E	0x0000    	NOP
;DinoRadar.mbas,161 :: 		counter = counter + 2
0x0930	0x00639100  	LDS        R16, _counter+0
0x0934	0x00649110  	LDS        R17, _counter+1
0x0938	0x00659120  	LDS        R18, _counter+2
0x093C	0x00669130  	LDS        R19, _counter+3
0x0940	0x5F0E    	SUBI       R16, 254
0x0942	0x4F1F    	SBCI       R17, 255
0x0944	0x4F2F    	SBCI       R18, 255
0x0946	0x4F3F    	SBCI       R19, 255
0x0948	0x00639300  	STS        _counter+0, R16
0x094C	0x00649310  	STS        _counter+1, R17
0x0950	0x00659320  	STS        _counter+2, R18
0x0954	0x00669330  	STS        _counter+3, R19
L__main175:
;DinoRadar.mbas,163 :: 		if (selection <> 5) and (selection <> 7) then
0x0958	0x006C9100  	LDS        R16, _selection+0
0x095C	0x3005    	CPI        R16, 5
0x095E	0xE010    	LDI        R17, 0
0x0960	0xF009    	BREQ       L__main305
0x0962	0xEF1F    	LDI        R17, 255
L__main305:
0x0964	0x3007    	CPI        R16, 7
0x0966	0xE0B0    	LDI        R27, 0
0x0968	0xF009    	BREQ       L__main306
0x096A	0xEFBF    	LDI        R27, 255
L__main306:
0x096C	0x2F0B    	MOV        R16, R27
0x096E	0x2301    	AND        R16, R17
0x0970	0xF009    	BREQ       L__main180
L__main307:
;DinoRadar.mbas,164 :: 		break
0x0972	0xC00A    	RJMP       L__main160
L__main180:
;DinoRadar.mbas,166 :: 		next led
0x0974	0x00629100  	LDS        R16, _led+0
0x0978	0x3000    	CPI        R16, 0
0x097A	0xF031    	BREQ       L__main160
L__main308:
0x097C	0x00629100  	LDS        R16, _led+0
0x0980	0x5001    	SUBI       R16, 1
0x0982	0x00629300  	STS        _led+0, R16
0x0986	0xCF81    	RJMP       L__main157
L__main160:
0x0988	0xC0B1    	RJMP       L__main43
L__main155:
;DinoRadar.mbas,167 :: 		case 8
0x098A	0x006C9100  	LDS        R16, _selection+0
0x098E	0x3008    	CPI        R16, 8
0x0990	0xF009    	BREQ       L__main309
0x0992	0xC083    	RJMP       L__main184
L__main309:
;DinoRadar.mbas,168 :: 		for led = 0 to 7 step 2
0x0994	0xE0B0    	LDI        R27, 0
0x0996	0x006293B0  	STS        _led+0, R27
L__main185:
0x099A	0x00629110  	LDS        R17, _led+0
0x099E	0xE007    	LDI        R16, 7
0x09A0	0x1701    	CP         R16, R17
0x09A2	0xF148    	BRLO       L__main189
L__main310:
;DinoRadar.mbas,169 :: 		PORTA.led = 1
0x09A4	0x006291B0  	LDS        R27, _led+0
0x09A8	0xE011    	LDI        R17, 1
0x09AA	0x23BB    	TST        R27
0x09AC	0xF019    	BREQ       L__main312
L__main311:
0x09AE	0x0F11    	LSL        R17
0x09B0	0x95BA    	DEC        R27
0x09B2	0xF7E9    	BRNE       L__main311
L__main312:
0x09B4	0xB30B    	IN         R16, PORTA+0
0x09B6	0x2B01    	OR         R16, R17
0x09B8	0xBB0B    	OUT        PORTA+0, R16
;DinoRadar.mbas,170 :: 		delay_ms(2)
0x09BA	0xE013    	LDI        R17, 3
0x09BC	0xE908    	LDI        R16, 152
L__main192:
0x09BE	0x950A    	DEC        R16
0x09C0	0xF7F1    	BRNE       L__main192
0x09C2	0x951A    	DEC        R17
0x09C4	0xF7E1    	BRNE       L__main192
0x09C6	0x0000    	NOP
;DinoRadar.mbas,171 :: 		PORTA.led = 0
0x09C8	0x006291B0  	LDS        R27, _led+0
0x09CC	0xE001    	LDI        R16, 1
0x09CE	0x23BB    	TST        R27
0x09D0	0xF019    	BREQ       L__main314
L__main313:
0x09D2	0x0F00    	LSL        R16
0x09D4	0x95BA    	DEC        R27
0x09D6	0xF7E9    	BRNE       L__main313
L__main314:
0x09D8	0x2F10    	MOV        R17, R16
0x09DA	0x9510    	COM        R17
0x09DC	0xB30B    	IN         R16, PORTA+0
0x09DE	0x2301    	AND        R16, R17
0x09E0	0xBB0B    	OUT        PORTA+0, R16
;DinoRadar.mbas,172 :: 		next led
0x09E2	0x00629100  	LDS        R16, _led+0
0x09E6	0x3007    	CPI        R16, 7
0x09E8	0xF031    	BREQ       L__main189
L__main315:
0x09EA	0x00629100  	LDS        R16, _led+0
0x09EE	0x5F0E    	SUBI       R16, 254
0x09F0	0x00629300  	STS        _led+0, R16
0x09F4	0xCFD2    	RJMP       L__main185
L__main189:
;DinoRadar.mbas,173 :: 		counter = counter + 5
0x09F6	0x00639100  	LDS        R16, _counter+0
0x09FA	0x00649110  	LDS        R17, _counter+1
0x09FE	0x00659120  	LDS        R18, _counter+2
0x0A02	0x00669130  	LDS        R19, _counter+3
0x0A06	0x5F0B    	SUBI       R16, 251
0x0A08	0x4F1F    	SBCI       R17, 255
0x0A0A	0x4F2F    	SBCI       R18, 255
0x0A0C	0x4F3F    	SBCI       R19, 255
0x0A0E	0x00639300  	STS        _counter+0, R16
0x0A12	0x00649310  	STS        _counter+1, R17
0x0A16	0x00659320  	STS        _counter+2, R18
0x0A1A	0x00669330  	STS        _counter+3, R19
;DinoRadar.mbas,174 :: 		delay_ms(50)
0x0A1E	0xE411    	LDI        R17, 65
0x0A20	0xEE0F    	LDI        R16, 239
L__main196:
0x0A22	0x950A    	DEC        R16
0x0A24	0xF7F1    	BRNE       L__main196
0x0A26	0x951A    	DEC        R17
0x0A28	0xF7E1    	BRNE       L__main196
;DinoRadar.mbas,175 :: 		for led = 1 to 7 step 2
0x0A2A	0xE0B1    	LDI        R27, 1
0x0A2C	0x006293B0  	STS        _led+0, R27
L__main198:
0x0A30	0x00629110  	LDS        R17, _led+0
0x0A34	0xE007    	LDI        R16, 7
0x0A36	0x1701    	CP         R16, R17
0x0A38	0xF148    	BRLO       L__main202
L__main316:
;DinoRadar.mbas,176 :: 		PORTA.led = 1
0x0A3A	0x006291B0  	LDS        R27, _led+0
0x0A3E	0xE011    	LDI        R17, 1
0x0A40	0x23BB    	TST        R27
0x0A42	0xF019    	BREQ       L__main318
L__main317:
0x0A44	0x0F11    	LSL        R17
0x0A46	0x95BA    	DEC        R27
0x0A48	0xF7E9    	BRNE       L__main317
L__main318:
0x0A4A	0xB30B    	IN         R16, PORTA+0
0x0A4C	0x2B01    	OR         R16, R17
0x0A4E	0xBB0B    	OUT        PORTA+0, R16
;DinoRadar.mbas,177 :: 		delay_ms(2)
0x0A50	0xE013    	LDI        R17, 3
0x0A52	0xE908    	LDI        R16, 152
L__main205:
0x0A54	0x950A    	DEC        R16
0x0A56	0xF7F1    	BRNE       L__main205
0x0A58	0x951A    	DEC        R17
0x0A5A	0xF7E1    	BRNE       L__main205
0x0A5C	0x0000    	NOP
;DinoRadar.mbas,178 :: 		PORTA.led = 0
0x0A5E	0x006291B0  	LDS        R27, _led+0
0x0A62	0xE001    	LDI        R16, 1
0x0A64	0x23BB    	TST        R27
0x0A66	0xF019    	BREQ       L__main320
L__main319:
0x0A68	0x0F00    	LSL        R16
0x0A6A	0x95BA    	DEC        R27
0x0A6C	0xF7E9    	BRNE       L__main319
L__main320:
0x0A6E	0x2F10    	MOV        R17, R16
0x0A70	0x9510    	COM        R17
0x0A72	0xB30B    	IN         R16, PORTA+0
0x0A74	0x2301    	AND        R16, R17
0x0A76	0xBB0B    	OUT        PORTA+0, R16
;DinoRadar.mbas,179 :: 		next led
0x0A78	0x00629100  	LDS        R16, _led+0
0x0A7C	0x3007    	CPI        R16, 7
0x0A7E	0xF031    	BREQ       L__main202
L__main321:
0x0A80	0x00629100  	LDS        R16, _led+0
0x0A84	0x5F0E    	SUBI       R16, 254
0x0A86	0x00629300  	STS        _led+0, R16
0x0A8A	0xCFD2    	RJMP       L__main198
L__main202:
;DinoRadar.mbas,180 :: 		delay_ms(50)
0x0A8C	0xE411    	LDI        R17, 65
0x0A8E	0xEE0F    	LDI        R16, 239
L__main209:
0x0A90	0x950A    	DEC        R16
0x0A92	0xF7F1    	BRNE       L__main209
0x0A94	0x951A    	DEC        R17
0x0A96	0xF7E1    	BRNE       L__main209
0x0A98	0xC029    	RJMP       L__main43
L__main184:
;DinoRadar.mbas,181 :: 		case 9
0x0A9A	0x006C9100  	LDS        R16, _selection+0
0x0A9E	0x3009    	CPI        R16, 9
0x0AA0	0xF529    	BRNE       L__main213
L__main322:
;DinoRadar.mbas,182 :: 		led = rand() mod 8
0x0AA2	0xDBF5    	RCALL      _rand+0
0x0AA4	0xE048    	LDI        R20, 8
0x0AA6	0xE050    	LDI        R21, 0
0x0AA8	0xDB22    	RCALL      _Div_16x16_S+0
0x0AAA	0x018C    	MOVW       R16, R24
0x0AAC	0x00629300  	STS        _led+0, R16
;DinoRadar.mbas,183 :: 		PORTA.led = 1
0x0AB0	0x2FB0    	MOV        R27, R16
0x0AB2	0xE011    	LDI        R17, 1
0x0AB4	0x23BB    	TST        R27
0x0AB6	0xF019    	BREQ       L__main324
L__main323:
0x0AB8	0x0F11    	LSL        R17
0x0ABA	0x95BA    	DEC        R27
0x0ABC	0xF7E9    	BRNE       L__main323
L__main324:
0x0ABE	0xB30B    	IN         R16, PORTA+0
0x0AC0	0x2B01    	OR         R16, R17
0x0AC2	0xBB0B    	OUT        PORTA+0, R16
;DinoRadar.mbas,184 :: 		delay_ms(50)
0x0AC4	0xE411    	LDI        R17, 65
0x0AC6	0xEE0F    	LDI        R16, 239
L__main216:
0x0AC8	0x950A    	DEC        R16
0x0ACA	0xF7F1    	BRNE       L__main216
0x0ACC	0x951A    	DEC        R17
0x0ACE	0xF7E1    	BRNE       L__main216
;DinoRadar.mbas,185 :: 		PORTA.led = 0
0x0AD0	0x006291B0  	LDS        R27, _led+0
0x0AD4	0xE001    	LDI        R16, 1
0x0AD6	0x23BB    	TST        R27
0x0AD8	0xF019    	BREQ       L__main326
L__main325:
0x0ADA	0x0F00    	LSL        R16
0x0ADC	0x95BA    	DEC        R27
0x0ADE	0xF7E9    	BRNE       L__main325
L__main326:
0x0AE0	0x2F10    	MOV        R17, R16
0x0AE2	0x9510    	COM        R17
0x0AE4	0xB30B    	IN         R16, PORTA+0
0x0AE6	0x2301    	AND        R16, R17
0x0AE8	0xBB0B    	OUT        PORTA+0, R16
0x0AEA	0xC000    	RJMP       L__main43
L__main213:
L__main43:
;DinoRadar.mbas,188 :: 		if (counter > 250) then
0x0AEC	0x00639140  	LDS        R20, _counter+0
0x0AF0	0x00649150  	LDS        R21, _counter+1
0x0AF4	0x00659160  	LDS        R22, _counter+2
0x0AF8	0x00669170  	LDS        R23, _counter+3
0x0AFC	0xEF0A    	LDI        R16, 250
0x0AFE	0xE010    	LDI        R17, 0
0x0B00	0xE020    	LDI        R18, 0
0x0B02	0xE030    	LDI        R19, 0
0x0B04	0x1704    	CP         R16, R20
0x0B06	0x0715    	CPC        R17, R21
0x0B08	0x0726    	CPC        R18, R22
0x0B0A	0x0737    	CPC        R19, R23
0x0B0C	0xF490    	BRSH       L__main221
L__main327:
;DinoRadar.mbas,189 :: 		counter = 0
0x0B0E	0xE0B0    	LDI        R27, 0
0x0B10	0x006393B0  	STS        _counter+0, R27
0x0B14	0x006493B0  	STS        _counter+1, R27
0x0B18	0x006593B0  	STS        _counter+2, R27
0x0B1C	0x006693B0  	STS        _counter+3, R27
;DinoRadar.mbas,190 :: 		if (random = 1) then
0x0B20	0x006091B0  	LDS        R27, _random+0
0x0B24	0xFFB4    	SBRS       R27, 4
0x0B26	0xC005    	RJMP       L__main224
;DinoRadar.mbas,191 :: 		inc(selection)
0x0B28	0x006C9100  	LDS        R16, _selection+0
0x0B2C	0x5F0F    	SUBI       R16, 255
0x0B2E	0x006C9300  	STS        _selection+0, R16
L__main224:
;DinoRadar.mbas,192 :: 		end if
L__main221:
;DinoRadar.mbas,194 :: 		wend
0x0B32	0xCC32    	RJMP       L__main22
L_end_main:
L__main_end_loop:
0x0B34	0xCFFF    	RJMP       L__main_end_loop
; end of _main
_ButtonCheck:
;DinoRadar.mbas,13 :: 		sub procedure ButtonCheck
;DinoRadar.mbas,14 :: 		if (Button(PINB, 0, 1, 1) <> 0) then
0x0142	0x922F    	PUSH       R2
0x0144	0x923F    	PUSH       R3
0x0146	0x924F    	PUSH       R4
0x0148	0x925F    	PUSH       R5
0x014A	0x926F    	PUSH       R6
0x014C	0xE0B1    	LDI        R27, 1
0x014E	0x2E6B    	MOV        R6, R27
0x0150	0xE0B1    	LDI        R27, 1
0x0152	0x2E5B    	MOV        R5, R27
0x0154	0x2444    	CLR        R4
0x0156	0xE3B6    	LDI        R27, lo_addr(PINB+0)
0x0158	0x2E2B    	MOV        R2, R27
0x015A	0xE0B0    	LDI        R27, hi_addr(PINB+0)
0x015C	0x2E3B    	MOV        R3, R27
0x015E	0xDF72    	RCALL      _Button+0
0x0160	0x3000    	CPI        R16, 0
0x0162	0xF029    	BREQ       L__ButtonCheck2
L__ButtonCheck227:
;DinoRadar.mbas,15 :: 		oldstate1 = 1
0x0164	0x006091B0  	LDS        R27, _oldstate1+0
0x0168	0x60B8    	SBR        R27, 8
0x016A	0x006093B0  	STS        _oldstate1+0, R27
L__ButtonCheck2:
;DinoRadar.mbas,17 :: 		if (oldstate1 and Button(PINB, 0, 1, 0)) then
0x016E	0x2466    	CLR        R6
0x0170	0xE0B1    	LDI        R27, 1
0x0172	0x2E5B    	MOV        R5, R27
0x0174	0x2444    	CLR        R4
0x0176	0xE3B6    	LDI        R27, lo_addr(PINB+0)
0x0178	0x2E2B    	MOV        R2, R27
0x017A	0xE0B0    	LDI        R27, hi_addr(PINB+0)
0x017C	0x2E3B    	MOV        R3, R27
0x017E	0xDF62    	RCALL      _Button+0
0x0180	0x00609000  	LDS        R0, _oldstate1+0
0x0184	0x2711    	CLR        R17
0x0186	0xFC03    	SBRC       R0, 3
0x0188	0x9513    	INC        R17
0x018A	0x2301    	AND        R16, R17
0x018C	0xF0A1    	BREQ       L__ButtonCheck5
L__ButtonCheck228:
;DinoRadar.mbas,18 :: 		inc(selection)
0x018E	0x006C9100  	LDS        R16, _selection+0
0x0192	0x5F0F    	SUBI       R16, 255
0x0194	0x006C9300  	STS        _selection+0, R16
;DinoRadar.mbas,19 :: 		random = 0
0x0198	0x006091B0  	LDS        R27, _random+0
0x019C	0x7EBF    	CBR        R27, 16
0x019E	0x006093B0  	STS        _random+0, R27
;DinoRadar.mbas,20 :: 		oldstate1 = 0
0x01A2	0x006091B0  	LDS        R27, _oldstate1+0
0x01A6	0x7FB7    	CBR        R27, 8
0x01A8	0x006093B0  	STS        _oldstate1+0, R27
;DinoRadar.mbas,21 :: 		allon = 0
0x01AC	0x006091B0  	LDS        R27, _allon+0
0x01B0	0x7FBB    	CBR        R27, 4
0x01B2	0x006093B0  	STS        _allon+0, R27
L__ButtonCheck5:
;DinoRadar.mbas,24 :: 		if (Button(PINB, 1, 1, 1) <> 0) then
0x01B6	0xE0B1    	LDI        R27, 1
0x01B8	0x2E6B    	MOV        R6, R27
0x01BA	0xE0B1    	LDI        R27, 1
0x01BC	0x2E5B    	MOV        R5, R27
0x01BE	0xE0B1    	LDI        R27, 1
0x01C0	0x2E4B    	MOV        R4, R27
0x01C2	0xE3B6    	LDI        R27, lo_addr(PINB+0)
0x01C4	0x2E2B    	MOV        R2, R27
0x01C6	0xE0B0    	LDI        R27, hi_addr(PINB+0)
0x01C8	0x2E3B    	MOV        R3, R27
0x01CA	0xDF3C    	RCALL      _Button+0
0x01CC	0x3000    	CPI        R16, 0
0x01CE	0xF029    	BREQ       L__ButtonCheck8
L__ButtonCheck229:
;DinoRadar.mbas,25 :: 		oldstate2 = 1
0x01D0	0x006091B0  	LDS        R27, _oldstate2+0
0x01D4	0x60B2    	SBR        R27, 2
0x01D6	0x006093B0  	STS        _oldstate2+0, R27
L__ButtonCheck8:
;DinoRadar.mbas,27 :: 		if (oldstate2 and Button(PINB, 1, 1, 0)) then
0x01DA	0x2466    	CLR        R6
0x01DC	0xE0B1    	LDI        R27, 1
0x01DE	0x2E5B    	MOV        R5, R27
0x01E0	0xE0B1    	LDI        R27, 1
0x01E2	0x2E4B    	MOV        R4, R27
0x01E4	0xE3B6    	LDI        R27, lo_addr(PINB+0)
0x01E6	0x2E2B    	MOV        R2, R27
0x01E8	0xE0B0    	LDI        R27, hi_addr(PINB+0)
0x01EA	0x2E3B    	MOV        R3, R27
0x01EC	0xDF2B    	RCALL      _Button+0
0x01EE	0x00609000  	LDS        R0, _oldstate2+0
0x01F2	0x2711    	CLR        R17
0x01F4	0xFC01    	SBRC       R0, 1
0x01F6	0x9513    	INC        R17
0x01F8	0x2301    	AND        R16, R17
0x01FA	0xF059    	BREQ       L__ButtonCheck11
L__ButtonCheck230:
;DinoRadar.mbas,28 :: 		allon = not allon
0x01FC	0x00609000  	LDS        R0, _allon+0
0x0200	0xE0B4    	LDI        R27, 4
0x0202	0x260B    	EOR        R0, R27
0x0204	0x00609200  	STS        _allon+0, R0
;DinoRadar.mbas,29 :: 		oldstate2 = 0
0x0208	0x006091B0  	LDS        R27, _oldstate2+0
0x020C	0x7FBD    	CBR        R27, 2
0x020E	0x006093B0  	STS        _oldstate2+0, R27
L__ButtonCheck11:
;DinoRadar.mbas,32 :: 		if (Button(PINB, 2, 1, 1) <> 0) then
0x0212	0xE0B1    	LDI        R27, 1
0x0214	0x2E6B    	MOV        R6, R27
0x0216	0xE0B1    	LDI        R27, 1
0x0218	0x2E5B    	MOV        R5, R27
0x021A	0xE0B2    	LDI        R27, 2
0x021C	0x2E4B    	MOV        R4, R27
0x021E	0xE3B6    	LDI        R27, lo_addr(PINB+0)
0x0220	0x2E2B    	MOV        R2, R27
0x0222	0xE0B0    	LDI        R27, hi_addr(PINB+0)
0x0224	0x2E3B    	MOV        R3, R27
0x0226	0xDF0E    	RCALL      _Button+0
0x0228	0x3000    	CPI        R16, 0
0x022A	0xF029    	BREQ       L__ButtonCheck14
L__ButtonCheck233:
;DinoRadar.mbas,33 :: 		oldstate3 = 1
0x022C	0x006091B0  	LDS        R27, _oldstate3+0
0x0230	0x60B1    	SBR        R27, 1
0x0232	0x006093B0  	STS        _oldstate3+0, R27
L__ButtonCheck14:
;DinoRadar.mbas,35 :: 		if (oldstate3 and Button(PINB, 2, 1, 0)) then
0x0236	0x2466    	CLR        R6
0x0238	0xE0B1    	LDI        R27, 1
0x023A	0x2E5B    	MOV        R5, R27
0x023C	0xE0B2    	LDI        R27, 2
0x023E	0x2E4B    	MOV        R4, R27
0x0240	0xE3B6    	LDI        R27, lo_addr(PINB+0)
0x0242	0x2E2B    	MOV        R2, R27
0x0244	0xE0B0    	LDI        R27, hi_addr(PINB+0)
0x0246	0x2E3B    	MOV        R3, R27
0x0248	0xDEFD    	RCALL      _Button+0
0x024A	0x00609000  	LDS        R0, _oldstate3+0
0x024E	0x2711    	CLR        R17
0x0250	0xFC00    	SBRC       R0, 0
0x0252	0x9513    	INC        R17
0x0254	0x2301    	AND        R16, R17
0x0256	0xF0A9    	BREQ       L__ButtonCheck17
L__ButtonCheck234:
;DinoRadar.mbas,36 :: 		random = not random
0x0258	0x00609000  	LDS        R0, _random+0
0x025C	0xE1B0    	LDI        R27, 16
0x025E	0x260B    	EOR        R0, R27
0x0260	0x00609200  	STS        _random+0, R0
;DinoRadar.mbas,37 :: 		inc(selection)
0x0264	0x006C9100  	LDS        R16, _selection+0
0x0268	0x5F0F    	SUBI       R16, 255
0x026A	0x006C9300  	STS        _selection+0, R16
;DinoRadar.mbas,38 :: 		oldstate3 = 0
0x026E	0x006091B0  	LDS        R27, _oldstate3+0
0x0272	0x7FBE    	CBR        R27, 1
0x0274	0x006093B0  	STS        _oldstate3+0, R27
;DinoRadar.mbas,39 :: 		allon = 0
0x0278	0x006091B0  	LDS        R27, _allon+0
0x027C	0x7FBB    	CBR        R27, 4
0x027E	0x006093B0  	STS        _allon+0, R27
L__ButtonCheck17:
;DinoRadar.mbas,41 :: 		end sub
L_end_ButtonCheck:
0x0282	0x906F    	POP        R6
0x0284	0x905F    	POP        R5
0x0286	0x904F    	POP        R4
0x0288	0x903F    	POP        R3
0x028A	0x902F    	POP        R2
0x028C	0x9508    	RET
; end of _ButtonCheck
_Button:
0x0044	0x93CF    	PUSH       R28
0x0046	0x93DF    	PUSH       R29
0x0048	0xB7CD    	IN         R28, SPL+0
0x004A	0xB7DE    	IN         R29, SPL+1
0x004C	0x9721    	SBIW       R28, 1
0x004E	0xBFCD    	OUT        SPL+0, R28
0x0050	0xBFDE    	OUT        SPL+1, R29
0x0052	0x9621    	ADIW       R28, 1
;__Lib_Button.mpas,17 :: 		
;__Lib_Button.mpas,18 :: 		
0x0054	0xE0B0    	LDI        R27, 0
0x0056	0x83B8    	STD        Y+0, R27
;__Lib_Button.mpas,19 :: 		
0x0058	0x2DB4    	MOV        R27, R4
0x005A	0xE011    	LDI        R17, 1
0x005C	0x23BB    	TST        R27
0x005E	0xF019    	BREQ       L__Button16
L__Button15:
0x0060	0x0F11    	LSL        R17
0x0062	0x95BA    	DEC        R27
0x0064	0xF7E9    	BRNE       L__Button15
L__Button16:
0x0066	0x01F1    	MOVW       R30, R2
0x0068	0x8100    	LD         R16, Z
0x006A	0x2310    	AND        R17, R16
0x006C	0xE000    	LDI        R16, 0
0x006E	0x3010    	CPI        R17, 0
0x0070	0xF009    	BREQ       L__Button4
L__Button17:
0x0072	0xE001    	LDI        R16, 1
L__Button4:
0x0074	0x1506    	CP         R16, R6
0x0076	0xF4D9    	BRNE       L__Button2
L__Button18:
;__Lib_Button.mpas,21 :: 		
L__Button6:
0x0078	0xE000    	LDI        R16, 0
0x007A	0x1505    	CP         R16, R5
0x007C	0xF430    	BRSH       L__Button7
L__Button19:
;__Lib_Button.mpas,23 :: 		
0x007E	0xDFD1    	RCALL      _Delay_500us+0
;__Lib_Button.mpas,24 :: 		
0x0080	0xDFD0    	RCALL      _Delay_500us+0
;__Lib_Button.mpas,25 :: 		
0x0082	0x2D05    	MOV        R16, R5
0x0084	0x5001    	SUBI       R16, 1
0x0086	0x2E50    	MOV        R5, R16
;__Lib_Button.mpas,26 :: 		
0x0088	0xCFF7    	RJMP       L__Button6
L__Button7:
;__Lib_Button.mpas,27 :: 		
0x008A	0x2DB4    	MOV        R27, R4
0x008C	0xE011    	LDI        R17, 1
0x008E	0x23BB    	TST        R27
0x0090	0xF019    	BREQ       L__Button21
L__Button20:
0x0092	0x0F11    	LSL        R17
0x0094	0x95BA    	DEC        R27
0x0096	0xF7E9    	BRNE       L__Button20
L__Button21:
0x0098	0x01F1    	MOVW       R30, R2
0x009A	0x8100    	LD         R16, Z
0x009C	0x2310    	AND        R17, R16
0x009E	0xE000    	LDI        R16, 0
0x00A0	0x3010    	CPI        R17, 0
0x00A2	0xF009    	BREQ       L__Button13
L__Button22:
0x00A4	0xE001    	LDI        R16, 1
L__Button13:
0x00A6	0x1506    	CP         R16, R6
0x00A8	0xF411    	BRNE       L__Button11
L__Button23:
;__Lib_Button.mpas,29 :: 		
0x00AA	0xEFBF    	LDI        R27, 255
0x00AC	0x83B8    	STD        Y+0, R27
;__Lib_Button.mpas,30 :: 		
L__Button11:
;__Lib_Button.mpas,31 :: 		
L__Button2:
;__Lib_Button.mpas,32 :: 		
0x00AE	0x8108    	LDD        R16, Y+0
L_end_Button:
0x00B0	0xBFCD    	OUT        SPL+0, R28
0x00B2	0xBFDE    	OUT        SPL+1, R29
0x00B4	0x91DF    	POP        R29
0x00B6	0x91CF    	POP        R28
0x00B8	0x9508    	RET
; end of _Button
_Delay_500us:
;__Lib_Delays.mbas,63 :: 		sub procedure Delay_500us()
;__Lib_Delays.mbas,64 :: 		Delay_us(498)
0x0022	0xEA06    	LDI        R16, 166
L__Delay_500us15:
0x0024	0x950A    	DEC        R16
0x0026	0xF7F1    	BRNE       L__Delay_500us15
;__Lib_Delays.mbas,65 :: 		end sub
L_end_Delay_500us:
0x0028	0x9508    	RET
; end of _Delay_500us
_rand:
;__Lib_CStdlib.mpas,104 :: 		
;__Lib_CStdlib.mpas,105 :: 		
0x028E	0x922F    	PUSH       R2
0x0290	0x923F    	PUSH       R3
0x0292	0x006B9100  	LDS        R16, __Lib_CStdlib_randf+0
0x0296	0x3000    	CPI        R16, 0
0x0298	0xF429    	BRNE       L__rand19
L__rand31:
;__Lib_CStdlib.mpas,106 :: 		
0x029A	0xE0B1    	LDI        R27, 1
0x029C	0x2E2B    	MOV        R2, R27
0x029E	0xE0B0    	LDI        R27, 0
0x02A0	0x2E3B    	MOV        R3, R27
0x02A2	0xDEC3    	RCALL      _srand+0
L__rand19:
;__Lib_CStdlib.mpas,107 :: 		
0x02A4	0x00679100  	LDS        R16, __Lib_CStdlib_randx+0
0x02A8	0x00689110  	LDS        R17, __Lib_CStdlib_randx+1
0x02AC	0x00699120  	LDS        R18, __Lib_CStdlib_randx+2
0x02B0	0x006A9130  	LDS        R19, __Lib_CStdlib_randx+3
0x02B4	0xE64D    	LDI        R20, 109
0x02B6	0xE45E    	LDI        R21, 78
0x02B8	0xEC66    	LDI        R22, 198
0x02BA	0xE471    	LDI        R23, 65
0x02BC	0xDEFE    	RCALL      _Mul_32x32+0
0x02BE	0x5C07    	SUBI       R16, 199
0x02C0	0x4C1F    	SBCI       R17, 207
0x02C2	0x4F2F    	SBCI       R18, 255
0x02C4	0x4F3F    	SBCI       R19, 255
0x02C6	0x2F02    	MOV        R16, R18
0x02C8	0x2F13    	MOV        R17, R19
0x02CA	0xE020    	LDI        R18, 0
0x02CC	0xFD17    	SBRC       R17, 7
0x02CE	0xEF2F    	LDI        R18, 255
0x02D0	0x2F32    	MOV        R19, R18
0x02D2	0x771F    	ANDI       R17, 127
0x02D4	0x7020    	ANDI       R18, 0
0x02D6	0x7030    	ANDI       R19, 0
0x02D8	0x00679300  	STS        __Lib_CStdlib_randx+0, R16
0x02DC	0x00689310  	STS        __Lib_CStdlib_randx+1, R17
0x02E0	0x00699320  	STS        __Lib_CStdlib_randx+2, R18
0x02E4	0x006A9330  	STS        __Lib_CStdlib_randx+3, R19
;__Lib_CStdlib.mpas,108 :: 		
; Result start address is: 18 (R18)
0x02E8	0x00679120  	LDS        R18, __Lib_CStdlib_randx+0
0x02EC	0x00689130  	LDS        R19, __Lib_CStdlib_randx+1
;__Lib_CStdlib.mpas,110 :: 		
L_end__rand:
0x02F0	0x0189    	MOVW       R16, R18
; Result end address is: 18 (R18)
L_end_rand:
0x02F2	0x903F    	POP        R3
0x02F4	0x902F    	POP        R2
0x02F6	0x9508    	RET
; end of _rand
_srand:
;__Lib_CStdlib.mpas,97 :: 		
;__Lib_CStdlib.mpas,98 :: 		
0x002A	0x00679220  	STS        __Lib_CStdlib_randx+0, R2
0x002E	0x00689230  	STS        __Lib_CStdlib_randx+1, R3
0x0032	0xE0B0    	LDI        R27, 0
0x0034	0x006993B0  	STS        __Lib_CStdlib_randx+2, R27
0x0038	0x006A93B0  	STS        __Lib_CStdlib_randx+3, R27
;__Lib_CStdlib.mpas,99 :: 		
0x003C	0xE0B1    	LDI        R27, 1
0x003E	0x006B93B0  	STS        __Lib_CStdlib_randf+0, R27
;__Lib_CStdlib.mpas,100 :: 		
L_end_srand:
0x0042	0x9508    	RET
; end of _srand
_Mul_32x32:
;__Lib_Math_NoHwMul.mpas,97 :: 		
;__Lib_Math_NoHwMul.mpas,99 :: 		
0x00BA	0x27BB    	CLR        R27
;__Lib_Math_NoHwMul.mpas,100 :: 		
0x00BC	0x27AA    	CLR        R26
;__Lib_Math_NoHwMul.mpas,101 :: 		
0x00BE	0x2799    	CLR        R25
;__Lib_Math_NoHwMul.mpas,102 :: 		
0x00C0	0x2788    	CLR        R24
;__Lib_Math_NoHwMul.mpas,103 :: 		
Mul_32x32_L1:
;__Lib_Math_NoHwMul.mpas,104 :: 		
0x00C2	0xFF00    	SBRS       R16, 0
;__Lib_Math_NoHwMul.mpas,105 :: 		
0x00C4	0xC004    	RJMP       Mul_32x32_L2
;__Lib_Math_NoHwMul.mpas,106 :: 		
0x00C6	0x0F84    	ADD        R24, R20
;__Lib_Math_NoHwMul.mpas,107 :: 		
0x00C8	0x1F95    	ADC        R25, R21
;__Lib_Math_NoHwMul.mpas,108 :: 		
0x00CA	0x1FA6    	ADC        R26, R22
;__Lib_Math_NoHwMul.mpas,109 :: 		
0x00CC	0x1FB7    	ADC        R27, R23
;__Lib_Math_NoHwMul.mpas,110 :: 		
Mul_32x32_L2:
;__Lib_Math_NoHwMul.mpas,111 :: 		
0x00CE	0x0F44    	LSL        R20
;__Lib_Math_NoHwMul.mpas,112 :: 		
0x00D0	0x1F55    	ROL        R21
;__Lib_Math_NoHwMul.mpas,113 :: 		
0x00D2	0x1F66    	ROL        R22
;__Lib_Math_NoHwMul.mpas,114 :: 		
0x00D4	0x1F77    	ROL        R23
;__Lib_Math_NoHwMul.mpas,115 :: 		
0x00D6	0x9536    	LSR        R19
;__Lib_Math_NoHwMul.mpas,116 :: 		
0x00D8	0x9527    	ROR        R18
;__Lib_Math_NoHwMul.mpas,117 :: 		
0x00DA	0x9517    	ROR        R17
;__Lib_Math_NoHwMul.mpas,118 :: 		
0x00DC	0x9507    	ROR        R16
;__Lib_Math_NoHwMul.mpas,119 :: 		
0x00DE	0xF789    	BRNE       Mul_32x32_L1
;__Lib_Math_NoHwMul.mpas,120 :: 		
0x00E0	0x5030    	SUBI       R19, 0
;__Lib_Math_NoHwMul.mpas,121 :: 		
0x00E2	0x4020    	SBCI       R18, 0
;__Lib_Math_NoHwMul.mpas,122 :: 		
0x00E4	0x0710    	CPC        R17, R16
;__Lib_Math_NoHwMul.mpas,123 :: 		
0x00E6	0xF769    	BRNE       Mul_32x32_L1
;__Lib_Math_NoHwMul.mpas,124 :: 		
Mul_32x32_L3:
;__Lib_Math_NoHwMul.mpas,125 :: 		
0x00E8	0x019D    	MOVW       R18, R26
;__Lib_Math_NoHwMul.mpas,126 :: 		
0x00EA	0x018C    	MOVW       R16, R24
;__Lib_Math_NoHwMul.mpas,128 :: 		
L_end_Mul_32x32:
0x00EC	0x9508    	RET
; end of _Mul_32x32
_Div_16x16_S:
;__Lib_Math_NoHwMul.mpas,162 :: 		
;__Lib_Math_NoHwMul.mpas,165 :: 		
0x00EE	0x01C8    	MOVW       R24, R16
;__Lib_Math_NoHwMul.mpas,166 :: 		
0x00F0	0x01BA    	MOVW       R22, R20
;__Lib_Math_NoHwMul.mpas,168 :: 		
0x00F2	0xFB97    	BST        R25, 7
;__Lib_Math_NoHwMul.mpas,169 :: 		
0x00F4	0x2E09    	MOV        R0, R25
;__Lib_Math_NoHwMul.mpas,170 :: 		
0x00F6	0x2607    	EOR        R0, R23
;__Lib_Math_NoHwMul.mpas,171 :: 		
0x00F8	0xD00A    	RCALL      Div_16x16_S_L3
;__Lib_Math_NoHwMul.mpas,172 :: 		
0x00FA	0xFD77    	SBRC       R23, 7
;__Lib_Math_NoHwMul.mpas,173 :: 		
0x00FC	0xD004    	RCALL      Div_16x16_S_L1
;__Lib_Math_NoHwMul.mpas,174 :: 		
0x00FE	0xD00C    	RCALL      Div_16x16_S_L4
;__Lib_Math_NoHwMul.mpas,175 :: 		
0x0100	0xD006    	RCALL      Div_16x16_S_L3
;__Lib_Math_NoHwMul.mpas,176 :: 		
0x0102	0x2000    	AND        R0, R0
;__Lib_Math_NoHwMul.mpas,177 :: 		
0x0104	0xF41A    	BRPL       Div_16x16_S_L2
;__Lib_Math_NoHwMul.mpas,178 :: 		
Div_16x16_S_L1:
;__Lib_Math_NoHwMul.mpas,179 :: 		
0x0106	0x9570    	COM        R23
;__Lib_Math_NoHwMul.mpas,180 :: 		
0x0108	0x9561    	NEG        R22
;__Lib_Math_NoHwMul.mpas,181 :: 		
0x010A	0x4F7F    	SBCI       R23, 255
;__Lib_Math_NoHwMul.mpas,182 :: 		
Div_16x16_S_L2:
;__Lib_Math_NoHwMul.mpas,183 :: 		
0x010C	0x9508    	RET
;__Lib_Math_NoHwMul.mpas,184 :: 		
Div_16x16_S_L3:
;__Lib_Math_NoHwMul.mpas,185 :: 		
0x010E	0xF7F6    	BRTC       Div_16x16_S_L2
;__Lib_Math_NoHwMul.mpas,186 :: 		
0x0110	0x9590    	COM        R25
;__Lib_Math_NoHwMul.mpas,187 :: 		
0x0112	0x9581    	NEG        R24
;__Lib_Math_NoHwMul.mpas,188 :: 		
0x0114	0x4F9F    	SBCI       R25, 255
;__Lib_Math_NoHwMul.mpas,189 :: 		
0x0116	0x9508    	RET
;__Lib_Math_NoHwMul.mpas,190 :: 		
Div_16x16_S_L4:
;__Lib_Math_NoHwMul.mpas,191 :: 		
0x0118	0x1BAA    	SUB        R26, R26
;__Lib_Math_NoHwMul.mpas,192 :: 		
0x011A	0x1BBB    	SUB        R27, R27
;__Lib_Math_NoHwMul.mpas,193 :: 		
0x011C	0xE151    	LDI        R21, 17
;__Lib_Math_NoHwMul.mpas,194 :: 		
0x011E	0xC007    	RJMP       Div_16x16_S_L6
;__Lib_Math_NoHwMul.mpas,195 :: 		
Div_16x16_S_L5:
;__Lib_Math_NoHwMul.mpas,196 :: 		
0x0120	0x1FAA    	ROL        R26
;__Lib_Math_NoHwMul.mpas,197 :: 		
0x0122	0x1FBB    	ROL        R27
;__Lib_Math_NoHwMul.mpas,198 :: 		
0x0124	0x17A6    	CP         R26, R22
;__Lib_Math_NoHwMul.mpas,199 :: 		
0x0126	0x07B7    	CPC        R27, R23
;__Lib_Math_NoHwMul.mpas,200 :: 		
0x0128	0xF010    	BRCS       Div_16x16_S_L6
;__Lib_Math_NoHwMul.mpas,201 :: 		
0x012A	0x1BA6    	SUB        R26, R22
;__Lib_Math_NoHwMul.mpas,202 :: 		
0x012C	0x0BB7    	SBC        R27, R23
;__Lib_Math_NoHwMul.mpas,203 :: 		
Div_16x16_S_L6:
;__Lib_Math_NoHwMul.mpas,204 :: 		
0x012E	0x1F88    	ROL        R24
;__Lib_Math_NoHwMul.mpas,205 :: 		
0x0130	0x1F99    	ROL        R25
;__Lib_Math_NoHwMul.mpas,206 :: 		
0x0132	0x955A    	DEC        R21
;__Lib_Math_NoHwMul.mpas,207 :: 		
0x0134	0xF7A9    	BRNE       Div_16x16_S_L5
;__Lib_Math_NoHwMul.mpas,208 :: 		
0x0136	0x9580    	COM        R24
;__Lib_Math_NoHwMul.mpas,209 :: 		
0x0138	0x9590    	COM        R25
;__Lib_Math_NoHwMul.mpas,210 :: 		
0x013A	0x01BC    	MOVW       R22, R24
;__Lib_Math_NoHwMul.mpas,211 :: 		
0x013C	0x01CD    	MOVW       R24, R26
;__Lib_Math_NoHwMul.mpas,212 :: 		
0x013E	0x9508    	RET
;__Lib_Math_NoHwMul.mpas,215 :: 		
L_end_Div_16x16_S:
0x0140	0x9508    	RET
; end of _Div_16x16_S
_Button_Interrupt:
0x02F8	0x920F    	PUSH       R0
0x02FA	0x925F    	PUSH       R5
0x02FC	0x930F    	PUSH       R16
0x02FE	0x931F    	PUSH       R17
0x0300	0x932F    	PUSH       R18
0x0302	0x933F    	PUSH       R19
0x0304	0x93EF    	PUSH       R30
0x0306	0x93FF    	PUSH       R31
0x0308	0x93BF    	PUSH       R27
0x030A	0xB7BF    	IN         R27, SREG+0
0x030C	0x93BF    	PUSH       R27
;DinoRadar.mbas,43 :: 		sub procedure Button_Interrupt() iv IVT_ADDR_PCINT1
;DinoRadar.mbas,44 :: 		ButtonCheck
0x030E	0xDF19    	RCALL      _ButtonCheck+0
;DinoRadar.mbas,45 :: 		end sub
L_end_Button_Interrupt:
0x0310	0x91BF    	POP        R27
0x0312	0xBFBF    	OUT        SREG+0, R27
0x0314	0x91BF    	POP        R27
0x0316	0x91FF    	POP        R31
0x0318	0x91EF    	POP        R30
0x031A	0x913F    	POP        R19
0x031C	0x912F    	POP        R18
0x031E	0x911F    	POP        R17
0x0320	0x910F    	POP        R16
0x0322	0x905F    	POP        R5
0x0324	0x900F    	POP        R0
0x0326	0x9518    	RETI
; end of _Button_Interrupt
Symbol List:
//** Routines locations **
//ADDRESS    SIZE    PROCEDURE
//----------------------------------------------
0x0011       [4]    _Delay_500us
0x0015      [13]    _srand
0x0022      [59]    _Button
0x005D      [26]    _Mul_32x32
0x0077      [42]    _Div_16x16_S
0x00A1     [166]    _ButtonCheck
0x0147      [53]    _rand
0x017C      [24]    _Button_Interrupt
0x0194    [1031]    _main
//** Variables locations ** 
//ADDRESS    SIZE    VARIABLE
//----------------------------------------------
0x0000       [1]    R0
0x0000       [1]    Delay_Cyc_loc_
0x0001       [1]    R1
0x0002       [2]    FARG_IntToHex_input
0x0002       [2]    FARG_FLASH_Read_Word_address
0x0002       [2]    FARG_WordToHex_input
0x0002       [1]    FARG_ByteToHex_input
0x0002       [2]    FARG_FLASH_Read_Words_address
0x0002       [1]    FARG_ShortToHex_input
0x0002       [2]    FARG_Time_dateDiff_t1
0x0002       [4]    FARG_LongWordToHex_input
0x0002       [2]    FARG_WordToStrWithZeros_input
0x0002       [2]    FARG_FLASH_Read_Byte_address
0x0002       [4]    FARG_cos_arg
0x0002       [2]    FARG_FLASH_Write_Page_address
0x0002       [1]    FARG_ShortToStr_input
0x0002       [4]    FARG_tan_x
0x0002       [4]    FARG_LongIntToHex_input
0x0002       [4]    FARG_exp_x
0x0002       [2]    FARG_FLASH_Read_Bytes_address
0x0002       [2]    FARG_WordToStr_input
0x0002       [1]    FARG_ByteToStr_input
0x0002       [2]    FARG_Ps2_Key_Read_value
0x0002       [4]    FARG_cosh_x
0x0002       [1]    FARG_PWM1_Set_Duty_duty
0x0002       [4]    FARG_sinh_x
0x0002       [2]    FARG_MM_CheckBlocks_P1
0x0002       [1]    FARG_Ps2_Get_Value_raw
0x0002       [1]    FARG_PWM1A_Enable_inverted
0x0002       [2]    FARG_Get_Hex_ddata
0x0002       [2]    FARG_srand_x
0x0002       [1]    FARG_PWM1A_Set_Duty_duty
0x0002       [2]    FARG_sinE3_angle_deg
0x0002       [4]    FARG_tanh_x
0x0002       [1]    FARG_PWM1_Init_wave_mode
0x0002       [2]    FARG_FreeMem_P
0x0002       [4]    FARG_modf_val
0x0002       [4]    FARG_log10_x
0x0002       [4]    FARG_log_x
0x0002       [2]    FARG_Free_P
0x0002       [2]    FARG_Malloc_Size
0x0002       [2]    FARG_cosE3_angle_deg
0x0002       [2]    FARG_GetMemAlign_P
0x0002       [4]    FARG_pow_x
0x0002       [2]    FARG_GetMem_P
0x0002       [2]    FARG_Button_port
0x0002       [4]    FARG_atan_arg
0x0002       [2]    FARG_Bcd2Dec16_bcd_num
0x0002       [4]    FARG_ceil_x
0x0002       [4]    FARG_sqrt_x
0x0002       [2]    FARG_Ow_Read_port
0x0002       [2]    FARG_Dec2Bcd16_dec_num
0x0002       [1]    FARG_Man_Send_tr_data
0x0002       [1]    FARG_Soft_UART_Write_udata
0x0002       [4]    FARG_asin_x
0x0002       [1]    FARG_Dec2Bcd_decnum
0x0002       [2]    FARG_Soft_UART_Read_error
0x0002       [2]    FARG_Ow_Reset_port
0x0002       [2]    FARG_Soft_I2C_Read_ack
0x0002       [4]    FARG_ldexp_value
0x0002       [2]    FARG_Ow_Write_port
0x0002       [2]    FARG_Sound_Play_freq_in_hz
0x0002       [2]    FARG_Time_dateToEpoch_ts
0x0002       [4]    FARG_frexp_value
0x0002       [4]    FARG_Time_epochToDate_e
0x0002       [1]    FARG_Soft_Spi_Read_sdata
0x0002       [4]    FARG_FloatToStr_input
0x0002       [1]    FARG_Soft_I2C_Write_data_
0x0002       [4]    FARG_eval_poly_x
0x0002       [1]    FARG_Soft_SPI_Write_sdata
0x0002       [4]    FARG_fabs_dd
0x0002       [2]    FARG_EEPROM_Write_address
0x0002       [4]    FARG_LongWordToStr_input
0x0002       [1]    FARG_ADC_Read_channel
0x0002       [4]    FARG_LongWordToStrWithZeros_input
0x0002       [4]    FARG_sin_arg
0x0002       [2]    FARG_IntToStr_input
0x0002       [2]    FARG_Man_Receive_error
0x0002       [2]    FARG_FLASH_Erase_Page_address
0x0002       [2]    FARG_EEPROM_Read_address
0x0002       [2]    FARG_IntToStrWithZeros_input
0x0002       [1]    FARG_FLASH_DoWrite_opCode
0x0002       [2]    FARG_Sound_Init_port
0x0002       [2]    FARG_StrToWord_input
0x0002       [1]    FARG_Bcd2Dec_bcd_num
0x0002       [1]    FARG_Manchester_Out_BitValue
0x0002       [2]    FARG_StrToInt_input
0x0002       [2]    FARG_Soft_UART_Init_port
0x0002       [4]    FARG_acos_x
0x0002       [4]    FARG_atan2_y
0x0002       [4]    FARG_LongIntToStr_input
0x0002       [4]    FARG_floor_x
0x0002       [4]    FARG_LongIntToStrWithZeros_input
0x0002       [1]    FARG_ADC_Get_Sample_channel
0x0002       [2]    FARG_min_a
0x0002       [1]    FARG_islower_character
0x0002       [2]    FARG_strchr_s
0x0002       [1]    FARG_Lcd_Cmd_out_char
0x0002       [1]    FARG_ispunct_character
0x0002       [2]    FARG_strcmp_s1
0x0002       [1]    FARG_isupper_character
0x0002       [2]    FARG_strrchr_s
0x0002       [2]    FARG_strstr_s1
0x0002       [1]    FARG_PWM16bit_Init_wave_mode
0x0002       [1]    FARG_strAppendPre_letter
0x0002       [2]    FARG_memset_p
0x0002       [1]    FARG_isgraph_character
0x0002       [2]    FARG_Lcd_Out_CP_text
0x0002       [2]    FARG_VDelay_Advanced_ms_Time_ms
0x0002       [2]    FARG_strcat_s1
0x0002       [2]    FARG_strAppendSuf_s1
0x0002       [2]    FARG_strcat2_l1
0x0002       [2]    FARG_Length_Text
0x0002       [1]    FARG_Lcd_Chr_CP_Out_Char
0x0002       [1]    FARG_isspace_character
0x0002       [2]    FARG_strncat2_p1
0x0002       [1]    FARG_iscntrl_character
0x0002       [1]    FARG_isalnum_character
0x0002       [2]    FARG_strcspn_s1
0x0002       [2]    FARG_rtrim_astring
0x0002       [2]    FARG_strspn_s1
0x0002       [1]    FARG_isdigit_character
0x0002       [2]    FARG_strncpy_s1
0x0002       [2]    FARG_ltrim_astring
0x0002       [2]    FARG_PWM16bit_Change_Duty_duty
0x0002       [1]    FARG_isalpha_character
0x0002       [1]    R2
0x0002       [2]    FARG_strpbrk_s1
0x0002       [2]    FARG_strcpy_s1
0x0002       [1]    FARG_PWM16bit_Start_timer
0x0002       [2]    FARG_strncmp_s1
0x0002       [2]    FARG_strncat_s1
0x0002       [2]    FARG_strlen_s
0x0002       [1]    FARG_PWM16bit_Stop_timer
0x0002       [2]    FARG_memmove_p1
0x0002       [2]    FARG_memcpy_p1
0x0002       [1]    FARG_PWM1B_Set_Duty_duty
0x0002       [1]    FARG_Delay_Cyc_cycles_div_by_10
0x0002       [2]    FARG_abs_a
0x0002       [2]    FARG_VDelay_ms_Time_ms
0x0002       [1]    FARG_isxdigit_character
0x0002       [1]    FARG_Lcd_Out_row
0x0002       [2]    FARG_memcmp_p1
0x0002       [4]    FARG_labs_x
0x0002       [1]    FARG_tolower_character
0x0002       [1]    FARG_Lcd_Chr_Row
0x0002       [2]    FARG_max_a
0x0002       [1]    FARG_toupper_character
0x0002       [2]    FARG_memchr_p
0x0002       [1]    FARG_PWM1B_Enable_inverted
0x0003       [2]    FARG_strAppendPre_s1
0x0003       [2]    FARG_ByteToStr_output
0x0003       [2]    FARG_ShortToStr_output
0x0003       [1]    FARG_Lcd_Out_column
0x0003       [1]    R3
0x0003       [1]    FARG_PWM1B_Enable_modifyTop
0x0003       [1]    FARG_PWM1_Init_prescaler
0x0003       [1]    FARG_PWM16bit_Init_prescaler
0x0003       [2]    FARG_ShortToHex_output
0x0003       [2]    FARG_ByteToHex_output
0x0003       [1]    FARG_Lcd_Chr_Column
0x0004       [2]    FARG_strcpy_s2
0x0004       [2]    FARG_memcpy_p2
0x0004       [1]    FARG_memchr_ch
0x0004       [1]    FARG_memset_character
0x0004       [1]    FARG_Ow_Reset_pin
0x0004       [2]    FARG_strncmp_s2
0x0004       [2]    FARG_IntToStrWithZeros_output
0x0004       [1]    FARG_EEPROM_Write_dData
0x0004       [2]    FARG_Ps2_Key_Read_special
0x0004       [1]    FARG_PWM16bit_Init_inverted
0x0004       [2]    FARG_MM_CheckBlocks_S1
0x0004       [2]    FARG_FLASH_Read_Words_buffer
0x0004       [2]    FARG_strpbrk_s2
0x0004       [2]    FARG_Time_dateDiff_t2
0x0004       [1]    FARG_Sound_Init_pin
0x0004       [2]    FARG_memmove_p2
0x0004       [2]    FARG_strncat2_p2
0x0004       [2]    FARG_max_b
0x0004       [2]    FARG_strncpy_s2
0x0004       [2]    FARG_strspn_s2
0x0004       [2]    FARG_min_b
0x0004       [2]    FARG_FreeMem_Size
0x0004       [2]    FARG_Lcd_Out_text
0x0004       [1]    R4
0x0004       [2]    FARG_Sound_Play_duration_ms
0x0004       [2]    FARG_strncat_s2
0x0004       [2]    FARG_strcspn_s2
0x0004       [1]    FARG_PWM16bit_Change_Duty_channel
0x0004       [1]    FARG_Soft_UART_Init_rx_pin
0x0004       [2]    FARG_Free_Size
0x0004       [2]    FARG_VDelay_Advanced_ms_Current_Fosc_kHz
0x0004       [1]    FARG_Ow_Write_pin
0x0004       [2]    FARG_GetMemAlign_Size
0x0004       [1]    FARG_strAppendSuf_letter
0x0004       [2]    FARG_FLASH_Read_Bytes_buffer
0x0004       [2]    FARG_strstr_s2
0x0004       [1]    FARG_strchr_ch
0x0004       [2]    FARG_strcat2_s1
0x0004       [2]    FARG_IntToHex_output
0x0004       [2]    FARG_memcmp_p2
0x0004       [2]    FARG_WordToStr_output
0x0004       [1]    FARG_Ow_Read_pin
0x0004       [2]    FARG_WordToStrWithZeros_output
0x0004       [2]    FARG_WordToHex_output
0x0004       [1]    FARG_PWM1_Init_inverted
0x0004       [2]    FARG_strcat_s2
0x0004       [1]    FARG_Button_pin
0x0004       [2]    FARG_IntToStr_output
0x0004       [1]    FARG_strrchr_ch
0x0004       [2]    FARG_FLASH_Write_Page_dData
0x0004       [1]    FARG_Lcd_Chr_Out_Char
0x0004       [2]    FARG_GetMem_Size
0x0004       [2]    FARG_strcmp_s2
0x0005       [1]    FARG_Ow_Write_data_
0x0005       [1]    R5
0x0005       [1]    FARG_Soft_UART_Init_tx_pin
0x0005       [2]    FARG_memchr_n
0x0005       [1]    FARG_PWM1_Init_duty
0x0005       [2]    FARG_PWM16bit_Init_duty
0x0005       [1]    FARG_Button_time
0x0005       [2]    FARG_memset_n
0x0006       [2]    FARG_ldexp_newexp
0x0006       [2]    FARG_strncpy_size
0x0006       [2]    FARG_FloatToStr_output
0x0006       [4]    FARG_atan2_x
0x0006       [2]    FARG_eval_poly_dd
0x0006       [1]    R6
0x0006       [2]    FARG_Time_epochToDate_ts
0x0006       [2]    FARG_strncat_size
0x0006       [4]    FARG_pow_y
0x0006       [2]    FARG_Ps2_Key_Read_pressed
0x0006       [2]    FARG_modf_iptr
0x0006       [2]    FARG_memcpy_nn
0x0006       [2]    FARG_frexp_eptr
0x0006       [2]    FARG_memmove_nn
0x0006       [2]    FARG_strcat2_s2
0x0006       [1]    FARG_Button_activeState
0x0006       [2]    FARG_memcmp_n
0x0006       [2]    FARG_LongIntToStr_output
0x0006       [2]    FARG_LongWordToStrWithZeros_output
0x0006       [2]    FARG_strncmp_len
0x0006       [4]    FARG_Soft_UART_Init_baud_rate
0x0006       [2]    FARG_LongIntToStrWithZeros_output
0x0006       [2]    FARG_LongWordToStr_output
0x0006       [2]    FARG_FLASH_Read_Bytes_NoBytes
0x0006       [2]    FARG_LongWordToHex_output
0x0006       [2]    FARG_LongIntToHex_output
0x0006       [2]    FARG_MM_CheckBlocks_P2
0x0006       [2]    FARG_FLASH_Read_Words_NoWords
0x0007       [1]    FARG_PWM16bit_Init_timer
0x0007       [1]    R7
0x0008       [1]    FARG_eval_poly_nn
0x0008       [2]    FARG_MM_CheckBlocks_S2
0x0008       [1]    R8
0x0009       [1]    R9
0x000A       [1]    R10
0x000B       [1]    R11
0x000C       [1]    R12
0x000D       [1]    R13
0x000E       [1]    R14
0x000F       [1]    R15
0x0010       [1]    R16
0x0010       [2]    FLASH_Read_Word_temp
0x0011       [1]    R17
0x0012       [1]    R18
0x0013       [1]    R19
0x0014       [1]    R20
0x0015       [1]    R21
0x0016       [1]    R22
0x0017       [1]    R23
0x0018       [1]    R24
0x0018       [2]    FLASH_Read_Bytes_counter
0x0018       [2]    FLASH_Read_Words_counter
0x0019       [1]    R25
0x001A       [1]    R26
0x001A       [2]    X
0x001A       [1]    XL
0x001B       [1]    XH
0x001B       [1]    R27
0x001C       [2]    Y
0x001C       [1]    R28
0x001C       [1]    YL
0x001D       [1]    R29
0x001D       [1]    YH
0x001E       [2]    memset_chptr
0x001E       [2]    Z
0x001E       [2]    Length_ptr
0x001E       [2]    memchr_chptr
0x001E       [2]    strchr_ptr
0x001E       [1]    R30
0x001E       [2]    strlen_ptr
0x001E       [1]    ZL
0x001F       [1]    ZH
0x001F       [1]    R31
0x0020       [0]    PRTIM1_bit
0x0020       [1]    PRR
0x0020       [0]    PRUSI_bit
0x0020       [0]    PRTIM0_bit
0x0020       [0]    PRADC_bit
0x0021       [0]    ADC4D_bit
0x0021       [0]    ADC5D_bit
0x0021       [1]    DIDR0
0x0021       [0]    ADC7D_bit
0x0021       [0]    ADC6D_bit
0x0021       [0]    ADC1D_bit
0x0021       [0]    ADC0D_bit
0x0021       [0]    ADC2D_bit
0x0021       [0]    ADC3D_bit
0x0023       [0]    ADTS0_bit
0x0023       [0]    ADTS2_bit
0x0023       [0]    ADTS1_bit
0x0023       [0]    ACME_bit
0x0023       [1]    ADCSRB
0x0023       [0]    BIN_bit
0x0023       [0]    ADLAR_bit
0x0024       [0]    ADCL4_bit
0x0024       [0]    ADCL3_bit
0x0024       [0]    ADCL5_bit
0x0024       [0]    ADCL6_bit
0x0024       [0]    ADCL7_bit
0x0024       [0]    ADCL1_bit
0x0024       [0]    ADCL0_bit
0x0024       [0]    ADCL2_bit
0x0024       [1]    ADCL
0x0025       [0]    ADCH0_bit
0x0025       [0]    ADCH4_bit
0x0025       [0]    ADCH3_bit
0x0025       [0]    ADCH2_bit
0x0025       [0]    ADCH1_bit
0x0025       [0]    ADCH5_bit
0x0025       [0]    ADCH7_bit
0x0025       [1]    ADCH
0x0025       [0]    ADCH6_bit
0x0026       [0]    ADIF_bit
0x0026       [0]    ADEN_bit
0x0026       [0]    ADSC_bit
0x0026       [0]    ADATE_bit
0x0026       [1]    ADCSRA
0x0026       [0]    ADPS0_bit
0x0026       [0]    ADPS1_bit
0x0026       [0]    ADIE_bit
0x0026       [0]    ADPS2_bit
0x0027       [0]    MUX4_bit
0x0027       [0]    REFS0_bit
0x0027       [0]    REFS1_bit
0x0027       [0]    MUX5_bit
0x0027       [0]    MUX0_bit
0x0027       [0]    MUX1_bit
0x0027       [1]    ADMUX
0x0027       [0]    MUX3_bit
0x0027       [0]    MUX2_bit
0x0028       [0]    ACD_bit
0x0028       [0]    ACIC_bit
0x0028       [0]    ACIS1_bit
0x0028       [0]    ACIE_bit
0x0028       [0]    ACI_bit
0x0028       [0]    ACO_bit
0x0028       [1]    ACSR
0x0028       [0]    ACIS0_bit
0x0028       [0]    ACBG_bit
0x002B       [0]    ICF1_bit
0x002B       [0]    OCF1B_bit
0x002B       [0]    TOV1_bit
0x002B       [0]    OCF1A_bit
0x002B       [1]    TIFR1
0x002C       [0]    ICIE1_bit
0x002C       [0]    OCIE1A_bit
0x002C       [1]    TIMSK1
0x002C       [0]    TOIE1_bit
0x002C       [0]    OCIE1B_bit
0x002D       [0]    USITC_bit
0x002D       [0]    USIOIE_bit
0x002D       [0]    USICLK_bit
0x002D       [0]    USISIE_bit
0x002D       [0]    USICS0_bit
0x002D       [1]    USICR
0x002D       [0]    USIWM0_bit
0x002D       [0]    USIWM1_bit
0x002D       [0]    USICS1_bit
0x002E       [0]    USISIF_bit
0x002E       [0]    USIOIF_bit
0x002E       [0]    USICNT3_bit
0x002E       [0]    USICNT2_bit
0x002E       [1]    USISR
0x002E       [0]    USIDC_bit
0x002E       [0]    USICNT0_bit
0x002E       [0]    USICNT1_bit
0x002E       [0]    USIPF_bit
0x002F       [1]    USIDR
0x002F       [0]    USIDR3_bit
0x002F       [0]    USIDR0_bit
0x002F       [0]    USIDR1_bit
0x002F       [0]    USIDR2_bit
0x002F       [0]    USIDR6_bit
0x002F       [0]    USIDR7_bit
0x002F       [0]    USIDR4_bit
0x002F       [0]    USIDR5_bit
0x0030       [0]    USIBR4_bit
0x0030       [0]    USIBR0_bit
0x0030       [0]    USIBR1_bit
0x0030       [0]    USIBR5_bit
0x0030       [0]    USIBR6_bit
0x0030       [1]    USIBR
0x0030       [0]    USIBR3_bit
0x0030       [0]    USIBR2_bit
0x0030       [0]    USIBR7_bit
0x0032       [0]    PCINT6_bit
0x0032       [0]    PCINT5_bit
0x0032       [1]    PCMSK0
0x0032       [0]    PCINT7_bit
0x0032       [0]    PCINT3_bit
0x0032       [0]    PCINT4_bit
0x0032       [0]    PCINT2_bit
0x0032       [0]    PCINT0_bit
0x0032       [0]    PCINT1_bit
0x0033       [0]    GPIOR05_bit
0x0033       [0]    GPIOR04_bit
0x0033       [0]    GPIOR00_bit
0x0033       [1]    GPIOR0
0x0033       [0]    GPIOR01_bit
0x0033       [0]    GPIOR03_bit
0x0033       [0]    GPIOR02_bit
0x0033       [0]    GPIOR07_bit
0x0033       [0]    GPIOR06_bit
0x0034       [0]    GPIOR11_bit
0x0034       [0]    GPIOR12_bit
0x0034       [0]    GPIOR13_bit
0x0034       [0]    GPIOR17_bit
0x0034       [0]    GPIOR16_bit
0x0034       [0]    GPIOR15_bit
0x0034       [1]    GPIOR1
0x0034       [0]    GPIOR14_bit
0x0034       [0]    GPIOR10_bit
0x0035       [1]    GPIOR2
0x0035       [0]    GPIOR23_bit
0x0035       [0]    GPIOR21_bit
0x0035       [0]    GPIOR20_bit
0x0035       [0]    GPIOR25_bit
0x0035       [0]    GPIOR26_bit
0x0035       [0]    GPIOR27_bit
0x0035       [0]    GPIOR24_bit
0x0035       [0]    GPIOR22_bit
0x0036       [1]    PINB
0x0036       [0]    PINB1_bit
0x0036       [0]    PINB0_bit
0x0036       [0]    PINB2_bit
0x0036       [0]    PINB3_bit
0x0037       [0]    DDB0_bit
0x0037       [1]    DDRB
0x0037       [0]    DDB1_bit
0x0037       [0]    DDB3_bit
0x0037       [0]    DDB2_bit
0x0038       [1]    PORTB
0x0038       [0]    PORTB1_bit
0x0038       [0]    PORTB3_bit
0x0038       [0]    PORTB0_bit
0x0038       [0]    PORTB2_bit
0x0039       [0]    PINA0_bit
0x0039       [1]    PINA
0x0039       [0]    PINA3_bit
0x0039       [0]    PINA1_bit
0x0039       [0]    PINA6_bit
0x0039       [0]    PINA5_bit
0x0039       [0]    PINA7_bit
0x0039       [0]    PINA2_bit
0x0039       [0]    PINA4_bit
0x003A       [1]    DDRA
0x003A       [0]    DDA5_bit
0x003A       [0]    DDA4_bit
0x003A       [0]    DDA7_bit
0x003A       [0]    DDA6_bit
0x003A       [0]    DDA1_bit
0x003A       [0]    DDA0_bit
0x003A       [0]    DDA3_bit
0x003A       [0]    DDA2_bit
0x003B       [0]    PORTA0_bit
0x003B       [0]    PORTA5_bit
0x003B       [0]    PORTA3_bit
0x003B       [0]    PORTA6_bit
0x003B       [0]    PORTA1_bit
0x003B       [0]    PORTA7_bit
0x003B       [0]    PORTA2_bit
0x003B       [1]    PORTA
0x003B       [0]    PORTA4_bit
0x003C       [1]    EECR
0x003C       [0]    EERIE_bit
0x003C       [0]    EEPE_bit
0x003C       [0]    EEPM1_bit
0x003C       [0]    EERE_bit
0x003C       [0]    EEPM0_bit
0x003C       [0]    EEMPE_bit
0x003D       [0]    EEDR5_bit
0x003D       [0]    EEDR6_bit
0x003D       [0]    EEDR4_bit
0x003D       [0]    EEDR0_bit
0x003D       [1]    EEDR
0x003D       [0]    EEDR3_bit
0x003D       [0]    EEDR7_bit
0x003D       [0]    EEDR2_bit
0x003D       [0]    EEDR1_bit
0x003E       [0]    EEAR2_bit
0x003E       [0]    EEAR0_bit
0x003E       [0]    EEAR6_bit
0x003E       [0]    EEAR1_bit
0x003E       [0]    EEAR7_bit
0x003E       [0]    EEAR5_bit
0x003E       [0]    EEAR4_bit
0x003E       [0]    EEAR3_bit
0x003E       [1]    EEARL
0x003F       [0]    EEAR8_bit
0x003F       [1]    EEARH
0x0040       [0]    PCINT10_bit
0x0040       [0]    PCINT11_bit
0x0040       [0]    PCINT9_bit
0x0040       [1]    PCMSK1
0x0040       [0]    PCINT8_bit
0x0041       [0]    WDIF_bit
0x0041       [0]    WDIE_bit
0x0041       [0]    WDCE_bit
0x0041       [0]    WDP3_bit
0x0041       [0]    WDP0_bit
0x0041       [0]    WDP1_bit
0x0041       [0]    WDP2_bit
0x0041       [1]    WDTCSR
0x0041       [0]    WDE_bit
0x0042       [1]    TCCR1C
0x0042       [0]    FOC1A_bit
0x0042       [0]    FOC1B_bit
0x0043       [0]    TSM_bit
0x0043       [1]    GTCCR
0x0043       [0]    PSR10_bit
0x0044       [0]    ICR1L5_bit
0x0044       [0]    ICR1L0_bit
0x0044       [1]    ICR1L
0x0044       [0]    ICR1L3_bit
0x0044       [0]    ICR1L6_bit
0x0044       [0]    ICR1L2_bit
0x0044       [0]    ICR1L4_bit
0x0044       [0]    ICR1L7_bit
0x0044       [0]    ICR1L1_bit
0x0045       [1]    ICR1H
0x0045       [0]    ICR1H7_bit
0x0045       [0]    ICR1H0_bit
0x0045       [0]    ICR1H5_bit
0x0045       [0]    ICR1H4_bit
0x0045       [0]    ICR1H3_bit
0x0045       [0]    ICR1H1_bit
0x0045       [0]    ICR1H2_bit
0x0045       [0]    ICR1H6_bit
0x0046       [0]    CLKPS1_bit
0x0046       [0]    CLKPS0_bit
0x0046       [1]    CLKPR
0x0046       [0]    CLKPCE_bit
0x0046       [0]    CLKPS3_bit
0x0046       [0]    CLKPS2_bit
0x0047       [1]    DWDR
0x0048       [0]    OCR1BL6_bit
0x0048       [0]    OCR1BL2_bit
0x0048       [0]    OCR1BL3_bit
0x0048       [0]    OCR1BL5_bit
0x0048       [0]    OCR1BL4_bit
0x0048       [1]    OCR1BL
0x0048       [0]    OCR1BL0_bit
0x0048       [0]    OCR1BL1_bit
0x0048       [0]    OCR1BL7_bit
0x0049       [0]    OCR1BH1_bit
0x0049       [0]    OCR1BH2_bit
0x0049       [1]    OCR1BH
0x0049       [0]    OCR1BH0_bit
0x0049       [0]    OCR1BH3_bit
0x0049       [0]    OCR1BH6_bit
0x0049       [0]    OCR1BH7_bit
0x0049       [0]    OCR1BH4_bit
0x0049       [0]    OCR1BH5_bit
0x004A       [0]    OCR1AL6_bit
0x004A       [0]    OCR1AL2_bit
0x004A       [0]    OCR1AL3_bit
0x004A       [0]    OCR1AL4_bit
0x004A       [0]    OCR1AL5_bit
0x004A       [0]    OCR1AL0_bit
0x004A       [1]    OCR1AL
0x004A       [0]    OCR1AL1_bit
0x004A       [0]    OCR1AL7_bit
0x004B       [0]    OCR1AH6_bit
0x004B       [0]    OCR1AH7_bit
0x004B       [0]    OCR1AH4_bit
0x004B       [0]    OCR1AH1_bit
0x004B       [0]    OCR1AH3_bit
0x004B       [0]    OCR1AH2_bit
0x004B       [0]    OCR1AH0_bit
0x004B       [1]    OCR1AH
0x004B       [0]    OCR1AH5_bit
0x004C       [0]    TCNT1L7_bit
0x004C       [0]    TCNT1L6_bit
0x004C       [0]    TCNT1L1_bit
0x004C       [0]    TCNT1L2_bit
0x004C       [1]    TCNT1L
0x004C       [0]    TCNT1L0_bit
0x004C       [0]    TCNT1L3_bit
0x004C       [0]    TCNT1L5_bit
0x004C       [0]    TCNT1L4_bit
0x004D       [0]    TCNT1H6_bit
0x004D       [0]    TCNT1H5_bit
0x004D       [0]    TCNT1H4_bit
0x004D       [1]    TCNT1H
0x004D       [0]    TCNT1H0_bit
0x004D       [0]    TCNT1H2_bit
0x004D       [0]    TCNT1H1_bit
0x004D       [0]    TCNT1H7_bit
0x004D       [0]    TCNT1H3_bit
0x004E       [0]    ICNC1_bit
0x004E       [0]    CS12_bit
0x004E       [0]    WGM12_bit
0x004E       [0]    WGM13_bit
0x004E       [1]    TCCR1B
0x004E       [0]    CS10_bit
0x004E       [0]    CS11_bit
0x004E       [0]    ICES1_bit
0x004F       [0]    COM1A0_bit
0x004F       [0]    WGM10_bit
0x004F       [0]    COM1A1_bit
0x004F       [0]    WGM11_bit
0x004F       [0]    COM1B0_bit
0x004F       [1]    TCCR1A
0x004F       [0]    COM1B1_bit
0x0050       [0]    COM0B1_bit
0x0050       [0]    COM0A0_bit
0x0050       [0]    COM0A1_bit
0x0050       [0]    COM0B0_bit
0x0050       [1]    TCCR0A
0x0050       [0]    WGM01_bit
0x0050       [0]    WGM00_bit
0x0051       [0]    CAL4_bit
0x0051       [0]    CAL0_bit
0x0051       [0]    CAL6_bit
0x0051       [0]    CAL1_bit
0x0051       [0]    CAL3_bit
0x0051       [0]    CAL2_bit
0x0051       [0]    CAL7_bit
0x0051       [0]    CAL5_bit
0x0051       [1]    OSCCAL
0x0052       [0]    TCNT0_6_bit
0x0052       [0]    TCNT0_7_bit
0x0052       [0]    TCNT0_1_bit
0x0052       [0]    TCNT0_0_bit
0x0052       [1]    TCNT0
0x0052       [0]    TCNT0_2_bit
0x0052       [0]    TCNT0_5_bit
0x0052       [0]    TCNT0_4_bit
0x0052       [0]    TCNT0_3_bit
0x0053       [0]    CS01_bit
0x0053       [0]    CS00_bit
0x0053       [1]    TCCR0B
0x0053       [0]    CS02_bit
0x0053       [0]    FOC0A_bit
0x0053       [0]    FOC0B_bit
0x0053       [0]    WGM02_bit
0x0054       [0]    PORF_bit
0x0054       [1]    MCUSR
0x0054       [0]    EXTRF_bit
0x0054       [0]    WDRF_bit
0x0054       [0]    BORF_bit
0x0055       [0]    ISC01_bit
0x0055       [0]    ISC00_bit
0x0055       [1]    MCUCR
0x0055       [0]    SM0_bit
0x0055       [0]    PUD_bit
0x0055       [0]    SE_bit
0x0055       [0]    SM1_bit
0x0056       [0]    OCR0A_1_bit
0x0056       [0]    OCR0A_2_bit
0x0056       [1]    OCR0A
0x0056       [0]    OCR0A_0_bit
0x0056       [0]    OCR0A_3_bit
0x0056       [0]    OCR0A_6_bit
0x0056       [0]    OCR0A_7_bit
0x0056       [0]    OCR0A_4_bit
0x0056       [0]    OCR0A_5_bit
0x0057       [0]    PGERS_bit
0x0057       [0]    SPMEN_bit
0x0057       [1]    SPMCSR
0x0057       [0]    CTPB_bit
0x0057       [0]    RFLB_bit
0x0057       [0]    PGWRT_bit
0x0058       [0]    OCF0A_bit
0x0058       [0]    OCF0B_bit
0x0058       [1]    TIFR0
0x0058       [0]    TOV0_bit
0x0059       [0]    TOIE0_bit
0x0059       [1]    TIMSK0
0x0059       [0]    OCIE0B_bit
0x0059       [0]    OCIE0A_bit
0x005A       [0]    PCIF1_bit
0x005A       [0]    INTF0_bit
0x005A       [1]    GIFR
0x005A       [0]    PCIF0_bit
0x005B       [0]    PCIE0_bit
0x005B       [1]    GIMSK
0x005B       [0]    INT0_bit
0x005B       [0]    PCIE1_bit
0x005C       [0]    OCR0_2_bit
0x005C       [0]    OCR0_3_bit
0x005C       [0]    OCR0_1_bit
0x005C       [1]    OCR0B
0x005C       [0]    OCR0_0_bit
0x005C       [0]    OCR0_6_bit
0x005C       [0]    OCR0_7_bit
0x005C       [0]    OCR0_4_bit
0x005C       [0]    OCR0_5_bit
0x005D       [0]    SP4_bit
0x005D       [0]    SP3_bit
0x005D       [0]    SP2_bit
0x005D       [0]    SP5_bit
0x005D       [0]    SP7_bit
0x005D       [0]    SP6_bit
0x005D       [0]    SP1_bit
0x005D       [1]    SPL
0x005D       [0]    SP0_bit
0x005E       [1]    SPH
0x005E       [0]    SP8_bit
0x005F       [0]    SREG_Z_bit
0x005F       [0]    SREG_N_bit
0x005F       [1]    SREG
0x005F       [0]    SREG_C_bit
0x005F       [0]    SREG_V_bit
0x005F       [0]    SREG_T_bit
0x005F       [0]    SREG_I_bit
0x005F       [0]    SREG_S_bit
0x005F       [0]    SREG_H_bit
0x0060       [0]    _oldstate2
0x0060       [0]    _oldstate1
0x0060       [0]    _oldstate3
0x0060       [0]    _random
0x0060       [0]    _allon
0x0061       [1]    _maxsel
0x0062       [1]    _led
0x0063       [4]    _counter
0x0067       [4]    __Lib_CStdlib_randx
0x006B       [1]    __Lib_CStdlib_randf
0x006C       [1]    _selection
